Using pre-set license
Built from '2022.3/staging' branch; Version is '2022.3.37f1 (340ba89e4c23) revision 3410856'; Using compiler version '192829333'; Build Type 'Release'
OS: 'Windows 10  (10.0.19045) 64bit Enterprise' Language: 'ru' Physical Memory: 32690 MB
BatchMode: 1, IsHumanControllingUs: 0, StartBugReporterOnCrash: 0, Is64bit: 1, IsPro: 1

COMMAND LINE ARGUMENTS:
R:\Unity Editor\2022.3.37f1\Editor\Unity.exe
-adb2
-batchMode
-noUpm
-name
AssetImportWorker1
-projectPath
D:/Unity_homeworks/Unity_skillbox_homeworks/homework_3
-logFile
Logs/AssetImportWorker1.log
-srvPort
56076
Successfully changed project path to: D:/Unity_homeworks/Unity_skillbox_homeworks/homework_3
D:/Unity_homeworks/Unity_skillbox_homeworks/homework_3
[UnityMemory] Configuration Parameters - Can be set up in boot.config
    "memorysetup-bucket-allocator-granularity=16"
    "memorysetup-bucket-allocator-bucket-count=8"
    "memorysetup-bucket-allocator-block-size=33554432"
    "memorysetup-bucket-allocator-block-count=8"
    "memorysetup-main-allocator-block-size=16777216"
    "memorysetup-thread-allocator-block-size=16777216"
    "memorysetup-gfx-main-allocator-block-size=16777216"
    "memorysetup-gfx-thread-allocator-block-size=16777216"
    "memorysetup-cache-allocator-block-size=4194304"
    "memorysetup-typetree-allocator-block-size=2097152"
    "memorysetup-profiler-bucket-allocator-granularity=16"
    "memorysetup-profiler-bucket-allocator-bucket-count=8"
    "memorysetup-profiler-bucket-allocator-block-size=33554432"
    "memorysetup-profiler-bucket-allocator-block-count=8"
    "memorysetup-profiler-allocator-block-size=16777216"
    "memorysetup-profiler-editor-allocator-block-size=1048576"
    "memorysetup-temp-allocator-size-main=16777216"
    "memorysetup-job-temp-allocator-block-size=2097152"
    "memorysetup-job-temp-allocator-block-size-background=1048576"
    "memorysetup-job-temp-allocator-reduction-small-platforms=262144"
    "memorysetup-allocator-temp-initial-block-size-main=262144"
    "memorysetup-allocator-temp-initial-block-size-worker=262144"
    "memorysetup-temp-allocator-size-background-worker=32768"
    "memorysetup-temp-allocator-size-job-worker=262144"
    "memorysetup-temp-allocator-size-preload-manager=33554432"
    "memorysetup-temp-allocator-size-nav-mesh-worker=65536"
    "memorysetup-temp-allocator-size-audio-worker=65536"
    "memorysetup-temp-allocator-size-cloud-worker=32768"
    "memorysetup-temp-allocator-size-gi-baking-worker=262144"
    "memorysetup-temp-allocator-size-gfx=262144"
Player connection [15680] Host "[IP] 192.168.0.102 [Port] 0 [Flags] 2 [Guid] 3309023291 [EditorId] 3309023291 [Version] 1048832 [Id] WindowsEditor(7,DESKTOP-NMTGNKJ) [Debug] 1 [PackageName] WindowsEditor [ProjectName] Editor" joined multi-casting on [225.0.0.222:54997]...

Player connection [15680] Host "[IP] 192.168.0.102 [Port] 0 [Flags] 2 [Guid] 3309023291 [EditorId] 3309023291 [Version] 1048832 [Id] WindowsEditor(7,DESKTOP-NMTGNKJ) [Debug] 1 [PackageName] WindowsEditor [ProjectName] Editor" joined alternative multi-casting on [225.0.0.222:34997]...

[PhysX] Initialized MultithreadedTaskDispatcher with 16 workers.
Refreshing native plugins compatible for Editor in 5.28 ms, found 3 plugins.
Preloading 0 native plugins for Editor in 0.00 ms.
Initialize engine version: 2022.3.37f1 (340ba89e4c23)
[Subsystems] Discovering subsystems at path R:/Unity Editor/2022.3.37f1/Editor/Data/Resources/UnitySubsystems
[Subsystems] Discovering subsystems at path D:/Unity_homeworks/Unity_skillbox_homeworks/homework_3/Assets
GfxDevice: creating device client; threaded=0; jobified=0
Direct3D:
    Version:  Direct3D 11.0 [level 11.1]
    Renderer: NVIDIA GeForce RTX 3060 Ti (ID=0x24c9)
    Vendor:   NVIDIA
    VRAM:     8024 MB
    Driver:   31.0.15.5186
Initialize mono
Mono path[0] = 'R:/Unity Editor/2022.3.37f1/Editor/Data/Managed'
Mono path[1] = 'R:/Unity Editor/2022.3.37f1/Editor/Data/MonoBleedingEdge/lib/mono/unityjit-win32'
Mono config path = 'R:/Unity Editor/2022.3.37f1/Editor/Data/MonoBleedingEdge/etc'
Using monoOptions --debugger-agent=transport=dt_socket,embedding=1,server=y,suspend=n,address=127.0.0.1:56480
Begin MonoManager ReloadAssembly
Registering precompiled unity dll's ...
Register platform support module: R:/Unity Editor/2022.3.37f1/Editor/Data/PlaybackEngines/WebGLSupport/UnityEditor.WebGL.Extensions.dll
Register platform support module: R:/Unity Editor/2022.3.37f1/Editor/Data/PlaybackEngines/AndroidPlayer/UnityEditor.Android.Extensions.dll
Register platform support module: R:/Unity Editor/2022.3.37f1/Editor/Data/PlaybackEngines/WindowsStandaloneSupport/UnityEditor.WindowsStandalone.Extensions.dll
Registered in 0.004859 seconds.
- Loaded All Assemblies, in  0.299 seconds
Native extension for WindowsStandalone target not found
Native extension for Android target not found
Android Extension - Scanning For ADB Devices 188 ms
Native extension for WebGL target not found
Mono: successfully reloaded assembly
- Finished resetting the current domain, in  0.464 seconds
Domain Reload Profiling: 763ms
	BeginReloadAssembly (84ms)
		ExecutionOrderSort (0ms)
		DisableScriptedObjects (0ms)
		BackupInstance (0ms)
		ReleaseScriptingObjects (0ms)
		CreateAndSetChildDomain (1ms)
	RebuildCommonClasses (30ms)
	RebuildNativeTypeToScriptingClass (10ms)
	initialDomainReloadingComplete (43ms)
	LoadAllAssembliesAndSetupDomain (131ms)
		LoadAssemblies (84ms)
		RebuildTransferFunctionScriptingTraits (0ms)
		AnalyzeDomain (129ms)
			TypeCache.Refresh (128ms)
				TypeCache.ScanAssembly (116ms)
			ScanForSourceGeneratedMonoScriptInfo (0ms)
			ResolveRequiredComponents (0ms)
	FinalizeReload (465ms)
		ReleaseScriptCaches (0ms)
		RebuildScriptCaches (0ms)
		SetupLoadedEditorAssemblies (415ms)
			LogAssemblyErrors (0ms)
			InitializePlatformSupportModulesInManaged (276ms)
			SetLoadedEditorAssemblies (3ms)
			RefreshPlugins (0ms)
			BeforeProcessingInitializeOnLoad (2ms)
			ProcessInitializeOnLoadAttributes (97ms)
			ProcessInitializeOnLoadMethodAttributes (37ms)
			AfterProcessingInitializeOnLoad (0ms)
			EditorAssembliesLoaded (0ms)
		ExecutionOrderSort2 (0ms)
		AwakeInstancesAfterBackupRestoration (0ms)
========================================================================
Worker process is ready to serve import requests
Begin MonoManager ReloadAssembly
- Loaded All Assemblies, in  0.482 seconds
Refreshing native plugins compatible for Editor in 1.77 ms, found 3 plugins.
Native extension for WindowsStandalone target not found
Native extension for Android target not found
Native extension for WebGL target not found
Package Manager log level set to [2]
[Package Manager] Server::EnsureServerProcessIsRunning -- launch failed, reason: Unity was launched with the -noUpm command-line argument
[Package Manager] UpmClient::Send -- Unable to send message (not connected to UPM process).
[Package Manager] Cannot connect to Unity Package Manager local server
Mono: successfully reloaded assembly
- Finished resetting the current domain, in  0.481 seconds
Domain Reload Profiling: 963ms
	BeginReloadAssembly (116ms)
		ExecutionOrderSort (0ms)
		DisableScriptedObjects (5ms)
		BackupInstance (0ms)
		ReleaseScriptingObjects (0ms)
		CreateAndSetChildDomain (19ms)
	RebuildCommonClasses (30ms)
	RebuildNativeTypeToScriptingClass (10ms)
	initialDomainReloadingComplete (31ms)
	LoadAllAssembliesAndSetupDomain (294ms)
		LoadAssemblies (201ms)
		RebuildTransferFunctionScriptingTraits (0ms)
		AnalyzeDomain (158ms)
			TypeCache.Refresh (140ms)
				TypeCache.ScanAssembly (128ms)
			ScanForSourceGeneratedMonoScriptInfo (12ms)
			ResolveRequiredComponents (4ms)
	FinalizeReload (481ms)
		ReleaseScriptCaches (0ms)
		RebuildScriptCaches (0ms)
		SetupLoadedEditorAssemblies (351ms)
			LogAssemblyErrors (0ms)
			InitializePlatformSupportModulesInManaged (19ms)
			SetLoadedEditorAssemblies (4ms)
			RefreshPlugins (0ms)
			BeforeProcessingInitializeOnLoad (46ms)
			ProcessInitializeOnLoadAttributes (262ms)
			ProcessInitializeOnLoadMethodAttributes (18ms)
			AfterProcessingInitializeOnLoad (2ms)
			EditorAssembliesLoaded (0ms)
		ExecutionOrderSort2 (0ms)
		AwakeInstancesAfterBackupRestoration (7ms)
Launched and connected shader compiler UnityShaderCompiler.exe after 0.03 seconds
Refreshing native plugins compatible for Editor in 1.70 ms, found 3 plugins.
Preloading 0 native plugins for Editor in 0.00 ms.
Unloading 3096 Unused Serialized files (Serialized files now loaded: 0)
Unloading 33 unused Assets / (57.7 KB). Loaded Objects now: 3559.
Memory consumption went from 124.7 MB to 124.7 MB.
Total: 2.637100 ms (FindLiveObjects: 0.235200 ms CreateObjectMapping: 0.087600 ms MarkObjects: 2.222900 ms  DeleteObjects: 0.090500 ms)

AssetImportParameters requested are different than current active one (requested -> active):
  custom:container-demuxer-ogg: 62fdf1f143b41e24485cea50d1cbac27 -> 
  custom:video-decoder-ogg-theora: a1e56fd34408186e4bbccfd4996cb3dc -> 
  custom:framework-win-MediaFoundation: 216162199b28c13a410421893ffa2e32 -> 
  custom:CustomObjectIndexerAttribute: 9a22284fe3817be447336de3de66b15e -> 
  custom:container-demuxer-webm: 4f35f7cbe854078d1ac9338744f61a02 -> 
  custom:container-muxer-webm: aa71ff27fc2769a1b78a27578f13a17b -> 
  custom:video-decoder-webm-vp8: 9c59270c3fd7afecdb556c50c9e8de78 -> 
  custom:SearchIndexIgnoredProperties: e643bd26f0fe6173181afceb89e7c659 -> 
  custom:AudioImporter_EditorPlatform: d09bf68614088b80899f8185d706f6e7 -> 
  custom:video-encoder-webm-vp8: eb34c28f22e8b96e1ab97ce403110664 -> 
  custom:audio-decoder-ogg-vorbis: bf7c407c2cedff20999df2af8eb42d56 -> 
  custom:audio-encoder-webm-vorbis: bf7c407c2cedff20999df2af8eb42d56 -> 
========================================================================
Received Import Request.
  Time since last request: 26250.378988 seconds.
  path: Assets/PNG/Green/Double/arrow_basic_e_small.png
  artifactKey: Guid(90200fb1b7ad8ba4abbe53c20e09613f) Importer(815301076,1909f56bfc062723c751e8b465ee728b)
Start importing Assets/PNG/Green/Double/arrow_basic_e_small.png using Guid(90200fb1b7ad8ba4abbe53c20e09613f) Importer(815301076,1909f56bfc062723c751e8b465ee728b) [PhysX] Initialized MultithreadedTaskDispatcher with 16 workers.
[PhysX] Initialized MultithreadedTaskDispatcher with 16 workers.
 -> (artifact id: '728e5da4f97e8987b5a37d89b91f2d87') in 0.052138 seconds
Number of updated asset objects reloaded before import = 0
Number of asset objects unloaded after import = 2
========================================================================
Received Import Request.
  Time since last request: 0.000018 seconds.
  path: Assets/PNG/Green/Double/button_square_flat.png
  artifactKey: Guid(f9fbc58f14aadce498a80bbf0aacd025) Importer(815301076,1909f56bfc062723c751e8b465ee728b)
Start importing Assets/PNG/Green/Double/button_square_flat.png using Guid(f9fbc58f14aadce498a80bbf0aacd025) Importer(815301076,1909f56bfc062723c751e8b465ee728b) [PhysX] Initialized MultithreadedTaskDispatcher with 16 workers.
[PhysX] Initialized MultithreadedTaskDispatcher with 16 workers.
 -> (artifact id: '49e289cd38fdbfab0efcd6d0b348562e') in 0.012107 seconds
Number of updated asset objects reloaded before import = 0
Number of asset objects unloaded after import = 2
========================================================================
Received Import Request.
  Time since last request: 0.000020 seconds.
  path: Assets/PNG/Green/Double/button_rectangle_border.png
  artifactKey: Guid(b55aacfbeb36575488f60a2ee4167f80) Importer(815301076,1909f56bfc062723c751e8b465ee728b)
Start importing Assets/PNG/Green/Double/button_rectangle_border.png using Guid(b55aacfbeb36575488f60a2ee4167f80) Importer(815301076,1909f56bfc062723c751e8b465ee728b) [PhysX] Initialized MultithreadedTaskDispatcher with 16 workers.
[PhysX] Initialized MultithreadedTaskDispatcher with 16 workers.
 -> (artifact id: '67ff3b0873d76ab5104828c2832d700d') in 0.011954 seconds
Number of updated asset objects reloaded before import = 0
Number of asset objects unloaded after import = 2
========================================================================
Received Import Request.
  Time since last request: 0.000029 seconds.
  path: Assets/PNG/Green/Double/slide_horizontal_color.png
  artifactKey: Guid(b1eb85906b86f304d9269aace130d42d) Importer(815301076,1909f56bfc062723c751e8b465ee728b)
Start importing Assets/PNG/Green/Double/slide_horizontal_color.png using Guid(b1eb85906b86f304d9269aace130d42d) Importer(815301076,1909f56bfc062723c751e8b465ee728b) [PhysX] Initialized MultithreadedTaskDispatcher with 16 workers.
[PhysX] Initialized MultithreadedTaskDispatcher with 16 workers.
 -> (artifact id: 'b35733bab1281e6591c224d61d3f73d3') in 0.004712 seconds
Number of updated asset objects reloaded before import = 0
Number of asset objects unloaded after import = 2
========================================================================
Received Import Request.
  Time since last request: 0.000026 seconds.
  path: Assets/PNG/Green/Double/slide_horizontal_grey_section.png
  artifactKey: Guid(bfffe173eb64dbf4392b45d0d50ec152) Importer(815301076,1909f56bfc062723c751e8b465ee728b)
Start importing Assets/PNG/Green/Double/slide_horizontal_grey_section.png using Guid(bfffe173eb64dbf4392b45d0d50ec152) Importer(815301076,1909f56bfc062723c751e8b465ee728b) [PhysX] Initialized MultithreadedTaskDispatcher with 16 workers.
[PhysX] Initialized MultithreadedTaskDispatcher with 16 workers.
 -> (artifact id: '6d7bc79fbd714ef7fc23397747d60220') in 0.004430 seconds
Number of updated asset objects reloaded before import = 0
Number of asset objects unloaded after import = 2
========================================================================
Received Import Request.
  Time since last request: 0.000025 seconds.
  path: Assets/PNG/Green/Double/button_square_depth_gradient.png
  artifactKey: Guid(c5f8626c79b35644c8fe187e74c5aff7) Importer(815301076,1909f56bfc062723c751e8b465ee728b)
Start importing Assets/PNG/Green/Double/button_square_depth_gradient.png using Guid(c5f8626c79b35644c8fe187e74c5aff7) Importer(815301076,1909f56bfc062723c751e8b465ee728b) [PhysX] Initialized MultithreadedTaskDispatcher with 16 workers.
[PhysX] Initialized MultithreadedTaskDispatcher with 16 workers.
 -> (artifact id: '37cb6eb9278f7e3935798a6d61becd77') in 0.008916 seconds
Number of updated asset objects reloaded before import = 0
Number of asset objects unloaded after import = 2
========================================================================
Received Import Request.
  Time since last request: 0.000017 seconds.
  path: Assets/PNG/Green/Double/button_square_depth_border.png
  artifactKey: Guid(3e3ea99d36afacf40b0beb4981e44d1c) Importer(815301076,1909f56bfc062723c751e8b465ee728b)
Start importing Assets/PNG/Green/Double/button_square_depth_border.png using Guid(3e3ea99d36afacf40b0beb4981e44d1c) Importer(815301076,1909f56bfc062723c751e8b465ee728b) [PhysX] Initialized MultithreadedTaskDispatcher with 16 workers.
[PhysX] Initialized MultithreadedTaskDispatcher with 16 workers.
 -> (artifact id: '93746cbbfacc7e49b13101d7af8405e5') in 0.004571 seconds
Number of updated asset objects reloaded before import = 0
Number of asset objects unloaded after import = 2
========================================================================
Received Import Request.
  Time since last request: 0.000015 seconds.
  path: Assets/PNG/Green/Double/button_rectangle_line.png
  artifactKey: Guid(0286b901b8b19fa459885cbc08a872e8) Importer(815301076,1909f56bfc062723c751e8b465ee728b)
Start importing Assets/PNG/Green/Double/button_rectangle_line.png using Guid(0286b901b8b19fa459885cbc08a872e8) Importer(815301076,1909f56bfc062723c751e8b465ee728b) [PhysX] Initialized MultithreadedTaskDispatcher with 16 workers.
[PhysX] Initialized MultithreadedTaskDispatcher with 16 workers.
 -> (artifact id: '0857b7266f65e26e3a14e25eab4accfa') in 0.006756 seconds
Number of updated asset objects reloaded before import = 0
Number of asset objects unloaded after import = 2
========================================================================
Received Import Request.
  Time since last request: 0.000017 seconds.
  path: Assets/PNG/Green/Double/check_square_grey_square.png
  artifactKey: Guid(17609e133a7947b4da9d4a439394d4a3) Importer(815301076,1909f56bfc062723c751e8b465ee728b)
Start importing Assets/PNG/Green/Double/check_square_grey_square.png using Guid(17609e133a7947b4da9d4a439394d4a3) Importer(815301076,1909f56bfc062723c751e8b465ee728b) [PhysX] Initialized MultithreadedTaskDispatcher with 16 workers.
[PhysX] Initialized MultithreadedTaskDispatcher with 16 workers.
 -> (artifact id: '0913f571ad74e625607de75e37dc09ee') in 0.004322 seconds
Number of updated asset objects reloaded before import = 0
Number of asset objects unloaded after import = 2
========================================================================
Received Import Request.
  Time since last request: 0.000018 seconds.
  path: Assets/PNG/Green/Double/check_square_grey_checkmark.png
  artifactKey: Guid(fd9df13a2eda147499591fb5a09b7406) Importer(815301076,1909f56bfc062723c751e8b465ee728b)
Start importing Assets/PNG/Green/Double/check_square_grey_checkmark.png using Guid(fd9df13a2eda147499591fb5a09b7406) Importer(815301076,1909f56bfc062723c751e8b465ee728b) [PhysX] Initialized MultithreadedTaskDispatcher with 16 workers.
[PhysX] Initialized MultithreadedTaskDispatcher with 16 workers.
 -> (artifact id: '5d5d01295f3907b6dd9a299cde0238d0') in 0.006077 seconds
Number of updated asset objects reloaded before import = 0
Number of asset objects unloaded after import = 2
========================================================================
Received Import Request.
  Time since last request: 0.000022 seconds.
  path: Assets/PNG/Green/Double/button_round_gloss.png
  artifactKey: Guid(24245ab749b766740a93263a5eaed6ea) Importer(815301076,1909f56bfc062723c751e8b465ee728b)
Start importing Assets/PNG/Green/Double/button_round_gloss.png using Guid(24245ab749b766740a93263a5eaed6ea) Importer(815301076,1909f56bfc062723c751e8b465ee728b) [PhysX] Initialized MultithreadedTaskDispatcher with 16 workers.
[PhysX] Initialized MultithreadedTaskDispatcher with 16 workers.
 -> (artifact id: '8d30a957ce0b81aa89ec62db9461a883') in 0.008233 seconds
Number of updated asset objects reloaded before import = 0
Number of asset objects unloaded after import = 2
========================================================================
Received Import Request.
  Time since last request: 0.000017 seconds.
  path: Assets/PNG/Green/Double/button_rectangle_depth_flat.png
  artifactKey: Guid(0d2692fdcc7185d4e866bd65f7c6f83c) Importer(815301076,1909f56bfc062723c751e8b465ee728b)
Start importing Assets/PNG/Green/Double/button_rectangle_depth_flat.png using Guid(0d2692fdcc7185d4e866bd65f7c6f83c) Importer(815301076,1909f56bfc062723c751e8b465ee728b) [PhysX] Initialized MultithreadedTaskDispatcher with 16 workers.
[PhysX] Initialized MultithreadedTaskDispatcher with 16 workers.
 -> (artifact id: '4282270f027722bd317ee0ac8c84727e') in 0.010243 seconds
Number of updated asset objects reloaded before import = 0
Number of asset objects unloaded after import = 2
========================================================================
Received Import Request.
  Time since last request: 0.000014 seconds.
  path: Assets/PNG/Green/Double/arrow_basic_s_small.png
  artifactKey: Guid(499ad7b5833ef8d4b95f5b3b22fbbd61) Importer(815301076,1909f56bfc062723c751e8b465ee728b)
Start importing Assets/PNG/Green/Double/arrow_basic_s_small.png using Guid(499ad7b5833ef8d4b95f5b3b22fbbd61) Importer(815301076,1909f56bfc062723c751e8b465ee728b) [PhysX] Initialized MultithreadedTaskDispatcher with 16 workers.
[PhysX] Initialized MultithreadedTaskDispatcher with 16 workers.
 -> (artifact id: '98b07d8aa54ced44d4e906b6f736a19a') in 0.007621 seconds
Number of updated asset objects reloaded before import = 0
Number of asset objects unloaded after import = 2
========================================================================
Received Import Request.
  Time since last request: 0.000018 seconds.
  path: Assets/PNG/Green/Double/slide_hangle.png
  artifactKey: Guid(fb9554e517c01b2418d73f6938221d5a) Importer(815301076,1909f56bfc062723c751e8b465ee728b)
Start importing Assets/PNG/Green/Double/slide_hangle.png using Guid(fb9554e517c01b2418d73f6938221d5a) Importer(815301076,1909f56bfc062723c751e8b465ee728b) [PhysX] Initialized MultithreadedTaskDispatcher with 16 workers.
[PhysX] Initialized MultithreadedTaskDispatcher with 16 workers.
 -> (artifact id: 'c7fd94e160f033358afa05cebdb65be3') in 0.006211 seconds
Number of updated asset objects reloaded before import = 0
Number of asset objects unloaded after import = 2
========================================================================
Received Import Request.
  Time since last request: 0.000015 seconds.
  path: Assets/PNG/Green/Double/button_square_border.png
  artifactKey: Guid(d3f6eb79069b73e448f9f0674603053a) Importer(815301076,1909f56bfc062723c751e8b465ee728b)
Start importing Assets/PNG/Green/Double/button_square_border.png using Guid(d3f6eb79069b73e448f9f0674603053a) Importer(815301076,1909f56bfc062723c751e8b465ee728b) [PhysX] Initialized MultithreadedTaskDispatcher with 16 workers.
[PhysX] Initialized MultithreadedTaskDispatcher with 16 workers.
 -> (artifact id: '4fc56c107dcf6af78818247a491b0a76') in 0.014077 seconds
Number of updated asset objects reloaded before import = 0
Number of asset objects unloaded after import = 2
========================================================================
Received Import Request.
  Time since last request: 0.000045 seconds.
  path: Assets/PNG/Green/Double/button_rectangle_depth_line.png
  artifactKey: Guid(2ebde13956717fc45b239303ee70d65a) Importer(815301076,1909f56bfc062723c751e8b465ee728b)
Start importing Assets/PNG/Green/Double/button_rectangle_depth_line.png using Guid(2ebde13956717fc45b239303ee70d65a) Importer(815301076,1909f56bfc062723c751e8b465ee728b) [PhysX] Initialized MultithreadedTaskDispatcher with 16 workers.
[PhysX] Initialized MultithreadedTaskDispatcher with 16 workers.
 -> (artifact id: '561776a5a2500dd288474309480a082f') in 0.005793 seconds
Number of updated asset objects reloaded before import = 0
Number of asset objects unloaded after import = 2
========================================================================
Received Import Request.
  Time since last request: 0.000017 seconds.
  path: Assets/PNG/Green/Double/button_square_line.png
  artifactKey: Guid(a923057037eac1e47aebc22b070bc7e6) Importer(815301076,1909f56bfc062723c751e8b465ee728b)
Start importing Assets/PNG/Green/Double/button_square_line.png using Guid(a923057037eac1e47aebc22b070bc7e6) Importer(815301076,1909f56bfc062723c751e8b465ee728b) [PhysX] Initialized MultithreadedTaskDispatcher with 16 workers.
[PhysX] Initialized MultithreadedTaskDispatcher with 16 workers.
 -> (artifact id: 'c51d63c96196a6d2209f43fea0de21a5') in 0.006880 seconds
Number of updated asset objects reloaded before import = 0
Number of asset objects unloaded after import = 2
========================================================================
Received Import Request.
  Time since last request: 0.000021 seconds.
  path: Assets/PNG/Green/Double/slide_horizontal_grey.png
  artifactKey: Guid(42b44c478b666264b8a937da3157a5f5) Importer(815301076,1909f56bfc062723c751e8b465ee728b)
Start importing Assets/PNG/Green/Double/slide_horizontal_grey.png using Guid(42b44c478b666264b8a937da3157a5f5) Importer(815301076,1909f56bfc062723c751e8b465ee728b) [PhysX] Initialized MultithreadedTaskDispatcher with 16 workers.
[PhysX] Initialized MultithreadedTaskDispatcher with 16 workers.
 -> (artifact id: 'a15623af89d09ecea9b18e2afad6c93b') in 0.003775 seconds
Number of updated asset objects reloaded before import = 0
Number of asset objects unloaded after import = 2
========================================================================
Received Import Request.
  Time since last request: 0.000018 seconds.
  path: Assets/PNG/Green/Double/arrow_decorative_n.png
  artifactKey: Guid(a42519af703b0154eaef70d898dfa164) Importer(815301076,1909f56bfc062723c751e8b465ee728b)
Start importing Assets/PNG/Green/Double/arrow_decorative_n.png using Guid(a42519af703b0154eaef70d898dfa164) Importer(815301076,1909f56bfc062723c751e8b465ee728b) [PhysX] Initialized MultithreadedTaskDispatcher with 16 workers.
[PhysX] Initialized MultithreadedTaskDispatcher with 16 workers.
 -> (artifact id: '6485732b68b1e4f64e1281574879095a') in 0.009823 seconds
Number of updated asset objects reloaded before import = 0
Number of asset objects unloaded after import = 2
========================================================================
Received Import Request.
  Time since last request: 0.000016 seconds.
  path: Assets/PNG/Green/Double/slide_horizontal_grey_section_wide.png
  artifactKey: Guid(b109025425db1664da3b4f180c150746) Importer(815301076,1909f56bfc062723c751e8b465ee728b)
Start importing Assets/PNG/Green/Double/slide_horizontal_grey_section_wide.png using Guid(b109025425db1664da3b4f180c150746) Importer(815301076,1909f56bfc062723c751e8b465ee728b) [PhysX] Initialized MultithreadedTaskDispatcher with 16 workers.
[PhysX] Initialized MultithreadedTaskDispatcher with 16 workers.
 -> (artifact id: 'da5e9070448ff6092ae1f135b572db04') in 0.004656 seconds
Number of updated asset objects reloaded before import = 0
Number of asset objects unloaded after import = 2
========================================================================
Received Import Request.
  Time since last request: 0.000019 seconds.
  path: Assets/PNG/Green/Double/check_square_color_checkmark.png
  artifactKey: Guid(8d10f494145dcc2459f0c074444447ba) Importer(815301076,1909f56bfc062723c751e8b465ee728b)
Start importing Assets/PNG/Green/Double/check_square_color_checkmark.png using Guid(8d10f494145dcc2459f0c074444447ba) Importer(815301076,1909f56bfc062723c751e8b465ee728b) [PhysX] Initialized MultithreadedTaskDispatcher with 16 workers.
[PhysX] Initialized MultithreadedTaskDispatcher with 16 workers.
 -> (artifact id: 'da6e08017d832cbd824b4362a49701e4') in 0.003418 seconds
Number of updated asset objects reloaded before import = 0
Number of asset objects unloaded after import = 2
========================================================================
Received Import Request.
  Time since last request: 0.000017 seconds.
  path: Assets/PNG/Green/Double/slide_horizontal_color_section.png
  artifactKey: Guid(c04be214b9f5d264ea5cf3bdadef360c) Importer(815301076,1909f56bfc062723c751e8b465ee728b)
Start importing Assets/PNG/Green/Double/slide_horizontal_color_section.png using Guid(c04be214b9f5d264ea5cf3bdadef360c) Importer(815301076,1909f56bfc062723c751e8b465ee728b) [PhysX] Initialized MultithreadedTaskDispatcher with 16 workers.
[PhysX] Initialized MultithreadedTaskDispatcher with 16 workers.
 -> (artifact id: '9671d8935bcd2d836c7143fb51210ea5') in 0.008532 seconds
Number of updated asset objects reloaded before import = 0
Number of asset objects unloaded after import = 2
========================================================================
Received Import Request.
  Time since last request: 0.000019 seconds.
  path: Assets/PNG/Green/Double/icon_cross.png
  artifactKey: Guid(1febc605788f2944ab73023f30ebad86) Importer(815301076,1909f56bfc062723c751e8b465ee728b)
Start importing Assets/PNG/Green/Double/icon_cross.png using Guid(1febc605788f2944ab73023f30ebad86) Importer(815301076,1909f56bfc062723c751e8b465ee728b) [PhysX] Initialized MultithreadedTaskDispatcher with 16 workers.
[PhysX] Initialized MultithreadedTaskDispatcher with 16 workers.
 -> (artifact id: '551568d97ea01c983e985772045ee771') in 0.003633 seconds
Number of updated asset objects reloaded before import = 0
Number of asset objects unloaded after import = 2
========================================================================
Received Import Request.
  Time since last request: 0.000014 seconds.
  path: Assets/PNG/Green/Double/button_round_depth_flat.png
  artifactKey: Guid(512a9ed0e4b53c947b4e10cc815e4075) Importer(815301076,1909f56bfc062723c751e8b465ee728b)
Start importing Assets/PNG/Green/Double/button_round_depth_flat.png using Guid(512a9ed0e4b53c947b4e10cc815e4075) Importer(815301076,1909f56bfc062723c751e8b465ee728b) [PhysX] Initialized MultithreadedTaskDispatcher with 16 workers.
[PhysX] Initialized MultithreadedTaskDispatcher with 16 workers.
 -> (artifact id: '018125f63b7787b81f4bda748bc6c0e6') in 0.004860 seconds
Number of updated asset objects reloaded before import = 0
Number of asset objects unloaded after import = 2
========================================================================
Received Import Request.
  Time since last request: 0.000018 seconds.
  path: Assets/PNG/Green/Double/arrow_basic_s.png
  artifactKey: Guid(ee12adb2c4dbb51468b978199d253177) Importer(815301076,1909f56bfc062723c751e8b465ee728b)
Start importing Assets/PNG/Green/Double/arrow_basic_s.png using Guid(ee12adb2c4dbb51468b978199d253177) Importer(815301076,1909f56bfc062723c751e8b465ee728b) [PhysX] Initialized MultithreadedTaskDispatcher with 16 workers.
[PhysX] Initialized MultithreadedTaskDispatcher with 16 workers.
 -> (artifact id: '046e3b378a72bec8fc83b50a134f660e') in 0.004738 seconds
Number of updated asset objects reloaded before import = 0
Number of asset objects unloaded after import = 2
========================================================================
Received Import Request.
  Time since last request: 0.000019 seconds.
  path: Assets/PNG/Green/Double/slide_horizontal_color_section_wide.png
  artifactKey: Guid(239edd8f58ce2c6448ee4832200abf2b) Importer(815301076,1909f56bfc062723c751e8b465ee728b)
Start importing Assets/PNG/Green/Double/slide_horizontal_color_section_wide.png using Guid(239edd8f58ce2c6448ee4832200abf2b) Importer(815301076,1909f56bfc062723c751e8b465ee728b) [PhysX] Initialized MultithreadedTaskDispatcher with 16 workers.
[PhysX] Initialized MultithreadedTaskDispatcher with 16 workers.
 -> (artifact id: '3449db83c1d211f7c63a3191b7053b77') in 0.008062 seconds
Number of updated asset objects reloaded before import = 0
Number of asset objects unloaded after import = 2
========================================================================
Received Import Request.
  Time since last request: 0.000017 seconds.
  path: Assets/PNG/Green/Double/arrow_decorative_w.png
  artifactKey: Guid(1055cd13f9446b047b7d2b56a406c809) Importer(815301076,1909f56bfc062723c751e8b465ee728b)
Start importing Assets/PNG/Green/Double/arrow_decorative_w.png using Guid(1055cd13f9446b047b7d2b56a406c809) Importer(815301076,1909f56bfc062723c751e8b465ee728b) [PhysX] Initialized MultithreadedTaskDispatcher with 16 workers.
[PhysX] Initialized MultithreadedTaskDispatcher with 16 workers.
 -> (artifact id: 'bb0af88f52fc3544f07b4064b4734f6c') in 0.005807 seconds
Number of updated asset objects reloaded before import = 0
Number of asset objects unloaded after import = 2
========================================================================
Received Import Request.
  Time since last request: 0.000023 seconds.
  path: Assets/PNG/Green/Double/check_square_color_cross.png
  artifactKey: Guid(4f2bb3382e93890499c401ce1a18f3ea) Importer(815301076,1909f56bfc062723c751e8b465ee728b)
Start importing Assets/PNG/Green/Double/check_square_color_cross.png using Guid(4f2bb3382e93890499c401ce1a18f3ea) Importer(815301076,1909f56bfc062723c751e8b465ee728b) [PhysX] Initialized MultithreadedTaskDispatcher with 16 workers.
[PhysX] Initialized MultithreadedTaskDispatcher with 16 workers.
 -> (artifact id: '9f450093c98a201ffe80a64c62827143') in 0.003482 seconds
Number of updated asset objects reloaded before import = 0
Number of asset objects unloaded after import = 2
========================================================================
Received Import Request.
  Time since last request: 0.000018 seconds.
  path: Assets/PNG/Green/Double/arrow_decorative_e.png
  artifactKey: Guid(16e50e82c0345cc47960e34aa979122d) Importer(815301076,1909f56bfc062723c751e8b465ee728b)
Start importing Assets/PNG/Green/Double/arrow_decorative_e.png using Guid(16e50e82c0345cc47960e34aa979122d) Importer(815301076,1909f56bfc062723c751e8b465ee728b) [PhysX] Initialized MultithreadedTaskDispatcher with 16 workers.
[PhysX] Initialized MultithreadedTaskDispatcher with 16 workers.
 -> (artifact id: 'b40da3208d9c4d16166a1679c6bd6a25') in 0.003585 seconds
Number of updated asset objects reloaded before import = 0
Number of asset objects unloaded after import = 2
========================================================================
Received Import Request.
  Time since last request: 0.000018 seconds.
  path: Assets/PNG/Green/Double/arrow_basic_w_small.png
  artifactKey: Guid(6751d46d7df21244aa2b4d386013d34c) Importer(815301076,1909f56bfc062723c751e8b465ee728b)
Start importing Assets/PNG/Green/Double/arrow_basic_w_small.png using Guid(6751d46d7df21244aa2b4d386013d34c) Importer(815301076,1909f56bfc062723c751e8b465ee728b) [PhysX] Initialized MultithreadedTaskDispatcher with 16 workers.
[PhysX] Initialized MultithreadedTaskDispatcher with 16 workers.
 -> (artifact id: 'cdb630ac5069ef174e9374b48eda0452') in 0.005443 seconds
Number of updated asset objects reloaded before import = 0
Number of asset objects unloaded after import = 2
========================================================================
Received Import Request.
  Time since last request: 0.000016 seconds.
  path: Assets/PNG/Green/Double/arrow_decorative_n_small.png
  artifactKey: Guid(007da4fc868493c4b8063e4c21e0eefd) Importer(815301076,1909f56bfc062723c751e8b465ee728b)
Start importing Assets/PNG/Green/Double/arrow_decorative_n_small.png using Guid(007da4fc868493c4b8063e4c21e0eefd) Importer(815301076,1909f56bfc062723c751e8b465ee728b) [PhysX] Initialized MultithreadedTaskDispatcher with 16 workers.
[PhysX] Initialized MultithreadedTaskDispatcher with 16 workers.
 -> (artifact id: '7dd846b7af03f43c3a2640739455e99c') in 0.006897 seconds
Number of updated asset objects reloaded before import = 0
Number of asset objects unloaded after import = 2
========================================================================
Received Import Request.
  Time since last request: 0.000039 seconds.
  path: Assets/PNG/Green/Double/button_square_gloss.png
  artifactKey: Guid(17abb9417a389ba41aedfa7686900a21) Importer(815301076,1909f56bfc062723c751e8b465ee728b)
Start importing Assets/PNG/Green/Double/button_square_gloss.png using Guid(17abb9417a389ba41aedfa7686900a21) Importer(815301076,1909f56bfc062723c751e8b465ee728b) [PhysX] Initialized MultithreadedTaskDispatcher with 16 workers.
[PhysX] Initialized MultithreadedTaskDispatcher with 16 workers.
 -> (artifact id: '1243cdd86ae7d34c02e5b6cdcaf40613') in 0.005016 seconds
Number of updated asset objects reloaded before import = 0
Number of asset objects unloaded after import = 2
========================================================================
Received Import Request.
  Time since last request: 0.000020 seconds.
  path: Assets/PNG/Green/Double/check_round_color.png
  artifactKey: Guid(946dd8ad933015b4eb4b00a00869f1ce) Importer(815301076,1909f56bfc062723c751e8b465ee728b)
Start importing Assets/PNG/Green/Double/check_round_color.png using Guid(946dd8ad933015b4eb4b00a00869f1ce) Importer(815301076,1909f56bfc062723c751e8b465ee728b) [PhysX] Initialized MultithreadedTaskDispatcher with 16 workers.
[PhysX] Initialized MultithreadedTaskDispatcher with 16 workers.
 -> (artifact id: 'f341fb04c1ed62214b91949c0e95b725') in 0.012572 seconds
Number of updated asset objects reloaded before import = 0
Number of asset objects unloaded after import = 2
========================================================================
Received Import Request.
  Time since last request: 0.681859 seconds.
  path: Assets/PNG/Green/Double/slide_vertical_color_section_wide.png
  artifactKey: Guid(5bd23b93165a1414193649db77831685) Importer(815301076,1909f56bfc062723c751e8b465ee728b)
Start importing Assets/PNG/Green/Double/slide_vertical_color_section_wide.png using Guid(5bd23b93165a1414193649db77831685) Importer(815301076,1909f56bfc062723c751e8b465ee728b) [PhysX] Initialized MultithreadedTaskDispatcher with 16 workers.
[PhysX] Initialized MultithreadedTaskDispatcher with 16 workers.
 -> (artifact id: '2ae69411a8199009d5eaf6522ea72576') in 0.004535 seconds
Number of updated asset objects reloaded before import = 0
Number of asset objects unloaded after import = 2
========================================================================
Received Import Request.
  Time since last request: 0.000019 seconds.
  path: Assets/PNG/Green/Double/slide_vertical_grey.png
  artifactKey: Guid(e149bae977c3e9c47bc2762d60611b27) Importer(815301076,1909f56bfc062723c751e8b465ee728b)
Start importing Assets/PNG/Green/Double/slide_vertical_grey.png using Guid(e149bae977c3e9c47bc2762d60611b27) Importer(815301076,1909f56bfc062723c751e8b465ee728b) [PhysX] Initialized MultithreadedTaskDispatcher with 16 workers.
[PhysX] Initialized MultithreadedTaskDispatcher with 16 workers.
 -> (artifact id: 'a5c0767d35380c5b9d482ecdc6855470') in 0.005057 seconds
Number of updated asset objects reloaded before import = 0
Number of asset objects unloaded after import = 2
========================================================================
Received Import Request.
  Time since last request: 0.000022 seconds.
  path: Assets/PNG/Green/Double/slide_vertical_grey_section.png
  artifactKey: Guid(c162195866f15f3488661d6f67ceffb6) Importer(815301076,1909f56bfc062723c751e8b465ee728b)
Start importing Assets/PNG/Green/Double/slide_vertical_grey_section.png using Guid(c162195866f15f3488661d6f67ceffb6) Importer(815301076,1909f56bfc062723c751e8b465ee728b) [PhysX] Initialized MultithreadedTaskDispatcher with 16 workers.
[PhysX] Initialized MultithreadedTaskDispatcher with 16 workers.
 -> (artifact id: 'd54019561e3d588317a1a8c8b6c4a281') in 0.004583 seconds
Number of updated asset objects reloaded before import = 0
Number of asset objects unloaded after import = 2
========================================================================
Received Import Request.
  Time since last request: 0.000020 seconds.
  path: Assets/PNG/Green/Double/star.png
  artifactKey: Guid(44a9271717c3c7c4cb52bed4550e6f5d) Importer(815301076,1909f56bfc062723c751e8b465ee728b)
Start importing Assets/PNG/Green/Double/star.png using Guid(44a9271717c3c7c4cb52bed4550e6f5d) Importer(815301076,1909f56bfc062723c751e8b465ee728b) [PhysX] Initialized MultithreadedTaskDispatcher with 16 workers.
[PhysX] Initialized MultithreadedTaskDispatcher with 16 workers.
 -> (artifact id: '68b344a3793b551e297ec9edf941c865') in 0.004542 seconds
Number of updated asset objects reloaded before import = 0
Number of asset objects unloaded after import = 2
========================================================================
Received Import Request.
  Time since last request: 5.576012 seconds.
  path: Assets/PNG/Green/Default/arrow_basic_n.png
  artifactKey: Guid(21d089b78eb377c4abbe6e3cbc0c6b5f) Importer(815301076,1909f56bfc062723c751e8b465ee728b)
Start importing Assets/PNG/Green/Default/arrow_basic_n.png using Guid(21d089b78eb377c4abbe6e3cbc0c6b5f) Importer(815301076,1909f56bfc062723c751e8b465ee728b) [PhysX] Initialized MultithreadedTaskDispatcher with 16 workers.
[PhysX] Initialized MultithreadedTaskDispatcher with 16 workers.
 -> (artifact id: '5807660ec4f96ff62a9a8adb77afe27e') in 0.004337 seconds
Number of updated asset objects reloaded before import = 0
Number of asset objects unloaded after import = 2
========================================================================
Received Import Request.
  Time since last request: 0.000031 seconds.
  path: Assets/PNG/Green/Default/button_rectangle_depth_border.png
  artifactKey: Guid(07f7b1d6a576db944a6dd6c826682c1a) Importer(815301076,1909f56bfc062723c751e8b465ee728b)
Start importing Assets/PNG/Green/Default/button_rectangle_depth_border.png using Guid(07f7b1d6a576db944a6dd6c826682c1a) Importer(815301076,1909f56bfc062723c751e8b465ee728b) [PhysX] Initialized MultithreadedTaskDispatcher with 16 workers.
[PhysX] Initialized MultithreadedTaskDispatcher with 16 workers.
 -> (artifact id: '20ff48f20e2c85309d7387e1996deb3b') in 0.004481 seconds
Number of updated asset objects reloaded before import = 0
Number of asset objects unloaded after import = 2
========================================================================
Received Import Request.
  Time since last request: 0.000017 seconds.
  path: Assets/PNG/Green/Default/button_round_depth_border.png
  artifactKey: Guid(3f10d94c44395be408fc038ab65ab0be) Importer(815301076,1909f56bfc062723c751e8b465ee728b)
Start importing Assets/PNG/Green/Default/button_round_depth_border.png using Guid(3f10d94c44395be408fc038ab65ab0be) Importer(815301076,1909f56bfc062723c751e8b465ee728b) [PhysX] Initialized MultithreadedTaskDispatcher with 16 workers.
[PhysX] Initialized MultithreadedTaskDispatcher with 16 workers.
 -> (artifact id: '84efadd3f0c59e02e2ac436e2e10d2de') in 0.004540 seconds
Number of updated asset objects reloaded before import = 0
Number of asset objects unloaded after import = 2
========================================================================
Received Import Request.
  Time since last request: 0.000012 seconds.
  path: Assets/PNG/Green/Default/check_square_color.png
  artifactKey: Guid(116b7c5cf20c2cb48a5a2147cca5572a) Importer(815301076,1909f56bfc062723c751e8b465ee728b)
Start importing Assets/PNG/Green/Default/check_square_color.png using Guid(116b7c5cf20c2cb48a5a2147cca5572a) Importer(815301076,1909f56bfc062723c751e8b465ee728b) [PhysX] Initialized MultithreadedTaskDispatcher with 16 workers.
[PhysX] Initialized MultithreadedTaskDispatcher with 16 workers.
 -> (artifact id: '49e4229ba0472a4908cbf64d417846f9') in 0.003982 seconds
Number of updated asset objects reloaded before import = 0
Number of asset objects unloaded after import = 2
========================================================================
Received Import Request.
  Time since last request: 0.000016 seconds.
  path: Assets/PNG/Green/Default/icon_outline_circle.png
  artifactKey: Guid(35817be25039793429b31e5bba582e31) Importer(815301076,1909f56bfc062723c751e8b465ee728b)
Start importing Assets/PNG/Green/Default/icon_outline_circle.png using Guid(35817be25039793429b31e5bba582e31) Importer(815301076,1909f56bfc062723c751e8b465ee728b) [PhysX] Initialized MultithreadedTaskDispatcher with 16 workers.
[PhysX] Initialized MultithreadedTaskDispatcher with 16 workers.
 -> (artifact id: 'd1f774e0d7b29f48aec8d11b941660e0') in 0.004807 seconds
Number of updated asset objects reloaded before import = 0
Number of asset objects unloaded after import = 2
========================================================================
Received Import Request.
  Time since last request: 0.000018 seconds.
  path: Assets/PNG/Green/Default/check_square_grey_square.png
  artifactKey: Guid(77c4ecf1390497041a71cba14836e5b0) Importer(815301076,1909f56bfc062723c751e8b465ee728b)
Start importing Assets/PNG/Green/Default/check_square_grey_square.png using Guid(77c4ecf1390497041a71cba14836e5b0) Importer(815301076,1909f56bfc062723c751e8b465ee728b) [PhysX] Initialized MultithreadedTaskDispatcher with 16 workers.
[PhysX] Initialized MultithreadedTaskDispatcher with 16 workers.
 -> (artifact id: '2dd052bbfe14186641839711741ccae3') in 0.015512 seconds
Number of updated asset objects reloaded before import = 0
Number of asset objects unloaded after import = 2
========================================================================
Received Import Request.
  Time since last request: 0.000017 seconds.
  path: Assets/PNG/Green/Default/arrow_decorative_n.png
  artifactKey: Guid(fb31cc93b8cb86b48a24c9d6cb4f9518) Importer(815301076,1909f56bfc062723c751e8b465ee728b)
Start importing Assets/PNG/Green/Default/arrow_decorative_n.png using Guid(fb31cc93b8cb86b48a24c9d6cb4f9518) Importer(815301076,1909f56bfc062723c751e8b465ee728b) [PhysX] Initialized MultithreadedTaskDispatcher with 16 workers.
[PhysX] Initialized MultithreadedTaskDispatcher with 16 workers.
 -> (artifact id: '05702660b88fcbfa5ccb5d7acc18921c') in 0.004695 seconds
Number of updated asset objects reloaded before import = 0
Number of asset objects unloaded after import = 2
========================================================================
Received Import Request.
  Time since last request: 0.000017 seconds.
  path: Assets/PNG/Green/Default/button_round_depth_line.png
  artifactKey: Guid(830bda024d19083418d6d92da57e2145) Importer(815301076,1909f56bfc062723c751e8b465ee728b)
Start importing Assets/PNG/Green/Default/button_round_depth_line.png using Guid(830bda024d19083418d6d92da57e2145) Importer(815301076,1909f56bfc062723c751e8b465ee728b) [PhysX] Initialized MultithreadedTaskDispatcher with 16 workers.
[PhysX] Initialized MultithreadedTaskDispatcher with 16 workers.
 -> (artifact id: 'c2787b5d069279af769e1be3abb9426c') in 0.009061 seconds
Number of updated asset objects reloaded before import = 0
Number of asset objects unloaded after import = 2
========================================================================
Received Import Request.
  Time since last request: 0.000019 seconds.
  path: Assets/PNG/Green/Default/icon_outline_cross.png
  artifactKey: Guid(f5d2a8033063aa24988fd0da7f8e1611) Importer(815301076,1909f56bfc062723c751e8b465ee728b)
Start importing Assets/PNG/Green/Default/icon_outline_cross.png using Guid(f5d2a8033063aa24988fd0da7f8e1611) Importer(815301076,1909f56bfc062723c751e8b465ee728b) [PhysX] Initialized MultithreadedTaskDispatcher with 16 workers.
[PhysX] Initialized MultithreadedTaskDispatcher with 16 workers.
 -> (artifact id: 'e31ceae315921ed5d7c00975813b1245') in 0.004934 seconds
Number of updated asset objects reloaded before import = 0
Number of asset objects unloaded after import = 2
========================================================================
Received Import Request.
  Time since last request: 0.000022 seconds.
  path: Assets/PNG/Green/Default/button_rectangle_depth_line.png
  artifactKey: Guid(6d9e1128ec841f54fbdc4910251091db) Importer(815301076,1909f56bfc062723c751e8b465ee728b)
Start importing Assets/PNG/Green/Default/button_rectangle_depth_line.png using Guid(6d9e1128ec841f54fbdc4910251091db) Importer(815301076,1909f56bfc062723c751e8b465ee728b) [PhysX] Initialized MultithreadedTaskDispatcher with 16 workers.
[PhysX] Initialized MultithreadedTaskDispatcher with 16 workers.
 -> (artifact id: 'afba5cc585c6a72aeec935b7f69385fd') in 0.006475 seconds
Number of updated asset objects reloaded before import = 0
Number of asset objects unloaded after import = 2
========================================================================
Received Import Request.
  Time since last request: 0.000013 seconds.
  path: Assets/PNG/Green/Default/check_square_grey_checkmark.png
  artifactKey: Guid(6d8da03416b898b4387fb7ee5bf4b33a) Importer(815301076,1909f56bfc062723c751e8b465ee728b)
Start importing Assets/PNG/Green/Default/check_square_grey_checkmark.png using Guid(6d8da03416b898b4387fb7ee5bf4b33a) Importer(815301076,1909f56bfc062723c751e8b465ee728b) [PhysX] Initialized MultithreadedTaskDispatcher with 16 workers.
[PhysX] Initialized MultithreadedTaskDispatcher with 16 workers.
 -> (artifact id: 'cd213c8382fa8ff100da76ae0f739e63') in 0.010346 seconds
Number of updated asset objects reloaded before import = 0
Number of asset objects unloaded after import = 2
========================================================================
Received Import Request.
  Time since last request: 0.000021 seconds.
  path: Assets/PNG/Green/Default/button_square_gloss.png
  artifactKey: Guid(22799a4f8fb77e54da3aef9c3884da04) Importer(815301076,1909f56bfc062723c751e8b465ee728b)
Start importing Assets/PNG/Green/Default/button_square_gloss.png using Guid(22799a4f8fb77e54da3aef9c3884da04) Importer(815301076,1909f56bfc062723c751e8b465ee728b) [PhysX] Initialized MultithreadedTaskDispatcher with 16 workers.
[PhysX] Initialized MultithreadedTaskDispatcher with 16 workers.
 -> (artifact id: '243088e84b38eae635aa588f4a01561c') in 0.015388 seconds
Number of updated asset objects reloaded before import = 0
Number of asset objects unloaded after import = 2
========================================================================
Received Import Request.
  Time since last request: 0.000029 seconds.
  path: Assets/PNG/Green/Default/button_square_depth_gloss.png
  artifactKey: Guid(46a5cbe7136937546a69b6e1d9801848) Importer(815301076,1909f56bfc062723c751e8b465ee728b)
Start importing Assets/PNG/Green/Default/button_square_depth_gloss.png using Guid(46a5cbe7136937546a69b6e1d9801848) Importer(815301076,1909f56bfc062723c751e8b465ee728b) [PhysX] Initialized MultithreadedTaskDispatcher with 16 workers.
[PhysX] Initialized MultithreadedTaskDispatcher with 16 workers.
 -> (artifact id: 'accc688af07bfec2e4bdd4ef4263142f') in 0.016552 seconds
Number of updated asset objects reloaded before import = 0
Number of asset objects unloaded after import = 2
========================================================================
Received Import Request.
  Time since last request: 0.000021 seconds.
  path: Assets/PNG/Green/Default/button_round_depth_gloss.png
  artifactKey: Guid(0fe073e25f791894fa294b5578989353) Importer(815301076,1909f56bfc062723c751e8b465ee728b)
Start importing Assets/PNG/Green/Default/button_round_depth_gloss.png using Guid(0fe073e25f791894fa294b5578989353) Importer(815301076,1909f56bfc062723c751e8b465ee728b) [PhysX] Initialized MultithreadedTaskDispatcher with 16 workers.
[PhysX] Initialized MultithreadedTaskDispatcher with 16 workers.
 -> (artifact id: 'a254fef6f1947cc55841009af7ddde25') in 0.015571 seconds
Number of updated asset objects reloaded before import = 0
Number of asset objects unloaded after import = 2
========================================================================
Received Import Request.
  Time since last request: 0.000017 seconds.
  path: Assets/PNG/Green/Default/icon_outline_checkmark.png
  artifactKey: Guid(0c8c3ee7487d85e4da4e183da965c5e4) Importer(815301076,1909f56bfc062723c751e8b465ee728b)
Start importing Assets/PNG/Green/Default/icon_outline_checkmark.png using Guid(0c8c3ee7487d85e4da4e183da965c5e4) Importer(815301076,1909f56bfc062723c751e8b465ee728b) [PhysX] Initialized MultithreadedTaskDispatcher with 16 workers.
[PhysX] Initialized MultithreadedTaskDispatcher with 16 workers.
 -> (artifact id: '3022aedc1dbcf4981c7fba084842b000') in 0.005599 seconds
Number of updated asset objects reloaded before import = 0
Number of asset objects unloaded after import = 2
========================================================================
Received Import Request.
  Time since last request: 0.000013 seconds.
  path: Assets/PNG/Green/Default/button_rectangle_gradient.png
  artifactKey: Guid(57edbc5a084e3534b820922f27f2ea9d) Importer(815301076,1909f56bfc062723c751e8b465ee728b)
Start importing Assets/PNG/Green/Default/button_rectangle_gradient.png using Guid(57edbc5a084e3534b820922f27f2ea9d) Importer(815301076,1909f56bfc062723c751e8b465ee728b) [PhysX] Initialized MultithreadedTaskDispatcher with 16 workers.
[PhysX] Initialized MultithreadedTaskDispatcher with 16 workers.
 -> (artifact id: 'fc70485453ce1a1b01ecfc6c18fae339') in 0.011054 seconds
Number of updated asset objects reloaded before import = 0
Number of asset objects unloaded after import = 2
========================================================================
Received Import Request.
  Time since last request: 0.000020 seconds.
  path: Assets/PNG/Green/Default/arrow_basic_s.png
  artifactKey: Guid(60f0bf258a901704fb255b20e8d708dc) Importer(815301076,1909f56bfc062723c751e8b465ee728b)
Start importing Assets/PNG/Green/Default/arrow_basic_s.png using Guid(60f0bf258a901704fb255b20e8d708dc) Importer(815301076,1909f56bfc062723c751e8b465ee728b) [PhysX] Initialized MultithreadedTaskDispatcher with 16 workers.
[PhysX] Initialized MultithreadedTaskDispatcher with 16 workers.
 -> (artifact id: 'a57f5a79067bb344f77da5ff4ebd216b') in 0.013926 seconds
Number of updated asset objects reloaded before import = 0
Number of asset objects unloaded after import = 2
========================================================================
Received Import Request.
  Time since last request: 0.000043 seconds.
  path: Assets/PNG/Green/Default/arrow_decorative_n_small.png
  artifactKey: Guid(dc7adaea61e37a043b132915420a25c0) Importer(815301076,1909f56bfc062723c751e8b465ee728b)
Start importing Assets/PNG/Green/Default/arrow_decorative_n_small.png using Guid(dc7adaea61e37a043b132915420a25c0) Importer(815301076,1909f56bfc062723c751e8b465ee728b) [PhysX] Initialized MultithreadedTaskDispatcher with 16 workers.
[PhysX] Initialized MultithreadedTaskDispatcher with 16 workers.
 -> (artifact id: 'f790fb61102bb0614adc34dc1db64f13') in 0.005525 seconds
Number of updated asset objects reloaded before import = 0
Number of asset objects unloaded after import = 2
========================================================================
Received Import Request.
  Time since last request: 0.000014 seconds.
  path: Assets/PNG/Green/Default/check_round_grey.png
  artifactKey: Guid(0c73067742d29814586cce330163fae8) Importer(815301076,1909f56bfc062723c751e8b465ee728b)
Start importing Assets/PNG/Green/Default/check_round_grey.png using Guid(0c73067742d29814586cce330163fae8) Importer(815301076,1909f56bfc062723c751e8b465ee728b) [PhysX] Initialized MultithreadedTaskDispatcher with 16 workers.
[PhysX] Initialized MultithreadedTaskDispatcher with 16 workers.
 -> (artifact id: 'dbe195c3d9db6fc51117d0f771320b09') in 0.011814 seconds
Number of updated asset objects reloaded before import = 0
Number of asset objects unloaded after import = 2
========================================================================
Received Import Request.
  Time since last request: 0.000019 seconds.
  path: Assets/PNG/Green/Default/slide_horizontal_grey.png
  artifactKey: Guid(0a87d4c226b61414baf89a56ad1cdffa) Importer(815301076,1909f56bfc062723c751e8b465ee728b)
Start importing Assets/PNG/Green/Default/slide_horizontal_grey.png using Guid(0a87d4c226b61414baf89a56ad1cdffa) Importer(815301076,1909f56bfc062723c751e8b465ee728b) [PhysX] Initialized MultithreadedTaskDispatcher with 16 workers.
[PhysX] Initialized MultithreadedTaskDispatcher with 16 workers.
 -> (artifact id: '4d85da458c7c3cf5d09ab0c9cedaf4c3') in 0.013369 seconds
Number of updated asset objects reloaded before import = 0
Number of asset objects unloaded after import = 2
========================================================================
Received Import Request.
  Time since last request: 0.725569 seconds.
  path: Assets/PNG/Green/Default/slide_vertical_color_section_wide.png
  artifactKey: Guid(469fd99812d845f4181d890a233b7209) Importer(815301076,1909f56bfc062723c751e8b465ee728b)
Start importing Assets/PNG/Green/Default/slide_vertical_color_section_wide.png using Guid(469fd99812d845f4181d890a233b7209) Importer(815301076,1909f56bfc062723c751e8b465ee728b) [PhysX] Initialized MultithreadedTaskDispatcher with 16 workers.
[PhysX] Initialized MultithreadedTaskDispatcher with 16 workers.
 -> (artifact id: 'f1efa749fd8176b0bf7209b4986ae518') in 0.003670 seconds
Number of updated asset objects reloaded before import = 0
Number of asset objects unloaded after import = 2
========================================================================
Received Import Request.
  Time since last request: 0.000016 seconds.
  path: Assets/PNG/Green/Default/star.png
  artifactKey: Guid(4cf1663754c4ef549bbc97b52514b39c) Importer(815301076,1909f56bfc062723c751e8b465ee728b)
Start importing Assets/PNG/Green/Default/star.png using Guid(4cf1663754c4ef549bbc97b52514b39c) Importer(815301076,1909f56bfc062723c751e8b465ee728b) [PhysX] Initialized MultithreadedTaskDispatcher with 16 workers.
[PhysX] Initialized MultithreadedTaskDispatcher with 16 workers.
 -> (artifact id: '74b1ae2241d8f39d0730a4b3f687d8a9') in 0.004703 seconds
Number of updated asset objects reloaded before import = 0
Number of asset objects unloaded after import = 2
========================================================================
Received Import Request.
  Time since last request: 53.327683 seconds.
  path: Assets/PNG/Red/Default/arrow_basic_n.png
  artifactKey: Guid(73ac63120af216b4fab88a3a5871a5b2) Importer(815301076,1909f56bfc062723c751e8b465ee728b)
Start importing Assets/PNG/Red/Default/arrow_basic_n.png using Guid(73ac63120af216b4fab88a3a5871a5b2) Importer(815301076,1909f56bfc062723c751e8b465ee728b) [PhysX] Initialized MultithreadedTaskDispatcher with 16 workers.
[PhysX] Initialized MultithreadedTaskDispatcher with 16 workers.
 -> (artifact id: 'faa65ff051980ae846563fe0e8408a29') in 0.004405 seconds
Number of updated asset objects reloaded before import = 0
Number of asset objects unloaded after import = 2
========================================================================
Received Import Request.
  Time since last request: 0.000017 seconds.
  path: Assets/PNG/Red/Default/arrow_decorative_n_small.png
  artifactKey: Guid(f0cbce66a51ea7740a08c32878770398) Importer(815301076,1909f56bfc062723c751e8b465ee728b)
Start importing Assets/PNG/Red/Default/arrow_decorative_n_small.png using Guid(f0cbce66a51ea7740a08c32878770398) Importer(815301076,1909f56bfc062723c751e8b465ee728b) [PhysX] Initialized MultithreadedTaskDispatcher with 16 workers.
[PhysX] Initialized MultithreadedTaskDispatcher with 16 workers.
 -> (artifact id: '76274d4a0178bf435a6dbfa4ae245310') in 0.006988 seconds
Number of updated asset objects reloaded before import = 0
Number of asset objects unloaded after import = 2
========================================================================
Received Import Request.
  Time since last request: 0.000013 seconds.
  path: Assets/PNG/Red/Default/button_square_depth_gradient.png
  artifactKey: Guid(e5a367e73db26ad4f83964e174c6f717) Importer(815301076,1909f56bfc062723c751e8b465ee728b)
Start importing Assets/PNG/Red/Default/button_square_depth_gradient.png using Guid(e5a367e73db26ad4f83964e174c6f717) Importer(815301076,1909f56bfc062723c751e8b465ee728b) [PhysX] Initialized MultithreadedTaskDispatcher with 16 workers.
[PhysX] Initialized MultithreadedTaskDispatcher with 16 workers.
 -> (artifact id: '1474039c6cd33e047bca39bb90fccd74') in 0.004212 seconds
Number of updated asset objects reloaded before import = 0
Number of asset objects unloaded after import = 2
========================================================================
Received Import Request.
  Time since last request: 0.000046 seconds.
  path: Assets/PNG/Red/Default/button_round_depth_border.png
  artifactKey: Guid(6df9d3e063687a943aa0e4fc705a94a4) Importer(815301076,1909f56bfc062723c751e8b465ee728b)
Start importing Assets/PNG/Red/Default/button_round_depth_border.png using Guid(6df9d3e063687a943aa0e4fc705a94a4) Importer(815301076,1909f56bfc062723c751e8b465ee728b) [PhysX] Initialized MultithreadedTaskDispatcher with 16 workers.
[PhysX] Initialized MultithreadedTaskDispatcher with 16 workers.
 -> (artifact id: 'dae12ced8afd7d1b13916a914221663b') in 0.004623 seconds
Number of updated asset objects reloaded before import = 0
Number of asset objects unloaded after import = 2
========================================================================
Received Import Request.
  Time since last request: 0.000017 seconds.
  path: Assets/PNG/Red/Default/icon_outline_checkmark.png
  artifactKey: Guid(272044040fde6864fb6c7c19aff65c7d) Importer(815301076,1909f56bfc062723c751e8b465ee728b)
Start importing Assets/PNG/Red/Default/icon_outline_checkmark.png using Guid(272044040fde6864fb6c7c19aff65c7d) Importer(815301076,1909f56bfc062723c751e8b465ee728b) [PhysX] Initialized MultithreadedTaskDispatcher with 16 workers.
[PhysX] Initialized MultithreadedTaskDispatcher with 16 workers.
 -> (artifact id: 'cbd0df7c6f821b8d12a9ea43b9260c17') in 0.004325 seconds
Number of updated asset objects reloaded before import = 0
Number of asset objects unloaded after import = 2
========================================================================
Received Import Request.
  Time since last request: 0.000013 seconds.
  path: Assets/PNG/Red/Default/button_round_border.png
  artifactKey: Guid(2f32d8bcc8e590342a6c3a64e622b794) Importer(815301076,1909f56bfc062723c751e8b465ee728b)
Start importing Assets/PNG/Red/Default/button_round_border.png using Guid(2f32d8bcc8e590342a6c3a64e622b794) Importer(815301076,1909f56bfc062723c751e8b465ee728b) [PhysX] Initialized MultithreadedTaskDispatcher with 16 workers.
[PhysX] Initialized MultithreadedTaskDispatcher with 16 workers.
 -> (artifact id: 'c1c8851cfee7a19583219a23e512a4ac') in 0.010703 seconds
Number of updated asset objects reloaded before import = 0
Number of asset objects unloaded after import = 2
========================================================================
Received Import Request.
  Time since last request: 0.000020 seconds.
  path: Assets/PNG/Red/Default/slide_horizontal_color.png
  artifactKey: Guid(d76f8f98dbf5ed34b843f788a66246d2) Importer(815301076,1909f56bfc062723c751e8b465ee728b)
Start importing Assets/PNG/Red/Default/slide_horizontal_color.png using Guid(d76f8f98dbf5ed34b843f788a66246d2) Importer(815301076,1909f56bfc062723c751e8b465ee728b) [PhysX] Initialized MultithreadedTaskDispatcher with 16 workers.
[PhysX] Initialized MultithreadedTaskDispatcher with 16 workers.
 -> (artifact id: '0690eaa16b134b7bba6b045c7941beac') in 0.005509 seconds
Number of updated asset objects reloaded before import = 0
Number of asset objects unloaded after import = 2
========================================================================
Received Import Request.
  Time since last request: 0.000093 seconds.
  path: Assets/PNG/Red/Default/button_round_depth_gloss.png
  artifactKey: Guid(c05e650490576bc4f937771b0c2f8918) Importer(815301076,1909f56bfc062723c751e8b465ee728b)
Start importing Assets/PNG/Red/Default/button_round_depth_gloss.png using Guid(c05e650490576bc4f937771b0c2f8918) Importer(815301076,1909f56bfc062723c751e8b465ee728b) [PhysX] Initialized MultithreadedTaskDispatcher with 16 workers.
[PhysX] Initialized MultithreadedTaskDispatcher with 16 workers.
 -> (artifact id: 'ad11fb738053100db877b6c7ae903be4') in 0.010500 seconds
Number of updated asset objects reloaded before import = 0
Number of asset objects unloaded after import = 2
========================================================================
Received Import Request.
  Time since last request: 0.000019 seconds.
  path: Assets/PNG/Red/Default/arrow_basic_w.png
  artifactKey: Guid(ce524580f6e4c584aa1c534d37600812) Importer(815301076,1909f56bfc062723c751e8b465ee728b)
Start importing Assets/PNG/Red/Default/arrow_basic_w.png using Guid(ce524580f6e4c584aa1c534d37600812) Importer(815301076,1909f56bfc062723c751e8b465ee728b) [PhysX] Initialized MultithreadedTaskDispatcher with 16 workers.
[PhysX] Initialized MultithreadedTaskDispatcher with 16 workers.
 -> (artifact id: 'df9cff9c9fcbaf224a45be43e7cd9020') in 0.012357 seconds
Number of updated asset objects reloaded before import = 0
Number of asset objects unloaded after import = 2
========================================================================
Received Import Request.
  Time since last request: 0.000021 seconds.
  path: Assets/PNG/Red/Default/check_square_grey_cross.png
  artifactKey: Guid(a811740c41e7f704d8b8de9852e933c5) Importer(815301076,1909f56bfc062723c751e8b465ee728b)
Start importing Assets/PNG/Red/Default/check_square_grey_cross.png using Guid(a811740c41e7f704d8b8de9852e933c5) Importer(815301076,1909f56bfc062723c751e8b465ee728b) [PhysX] Initialized MultithreadedTaskDispatcher with 16 workers.
[PhysX] Initialized MultithreadedTaskDispatcher with 16 workers.
 -> (artifact id: '55243ff61a36f0f0c59ea7b969247a18') in 0.015574 seconds
Number of updated asset objects reloaded before import = 0
Number of asset objects unloaded after import = 2
========================================================================
Received Import Request.
  Time since last request: 0.000013 seconds.
  path: Assets/PNG/Red/Default/button_rectangle_depth_gradient.png
  artifactKey: Guid(2e0c4861acbae9040b0fc956ca22dd32) Importer(815301076,1909f56bfc062723c751e8b465ee728b)
Start importing Assets/PNG/Red/Default/button_rectangle_depth_gradient.png using Guid(2e0c4861acbae9040b0fc956ca22dd32) Importer(815301076,1909f56bfc062723c751e8b465ee728b) [PhysX] Initialized MultithreadedTaskDispatcher with 16 workers.
[PhysX] Initialized MultithreadedTaskDispatcher with 16 workers.
 -> (artifact id: '3ee715d9196cb409b2c9379b10854f56') in 0.004503 seconds
Number of updated asset objects reloaded before import = 0
Number of asset objects unloaded after import = 2
========================================================================
Received Import Request.
  Time since last request: 0.000018 seconds.
  path: Assets/PNG/Red/Default/arrow_basic_w_small.png
  artifactKey: Guid(611f8311f2baab54ab3f9be859ef32a9) Importer(815301076,1909f56bfc062723c751e8b465ee728b)
Start importing Assets/PNG/Red/Default/arrow_basic_w_small.png using Guid(611f8311f2baab54ab3f9be859ef32a9) Importer(815301076,1909f56bfc062723c751e8b465ee728b) [PhysX] Initialized MultithreadedTaskDispatcher with 16 workers.
[PhysX] Initialized MultithreadedTaskDispatcher with 16 workers.
 -> (artifact id: '09983a8b4066dfcf7dd0a0544cd5c45d') in 0.011949 seconds
Number of updated asset objects reloaded before import = 0
Number of asset objects unloaded after import = 2
========================================================================
Received Import Request.
  Time since last request: 0.000017 seconds.
  path: Assets/PNG/Red/Default/arrow_decorative_s_small.png
  artifactKey: Guid(f3986422a5973874684ff4d2901ac279) Importer(815301076,1909f56bfc062723c751e8b465ee728b)
Start importing Assets/PNG/Red/Default/arrow_decorative_s_small.png using Guid(f3986422a5973874684ff4d2901ac279) Importer(815301076,1909f56bfc062723c751e8b465ee728b) [PhysX] Initialized MultithreadedTaskDispatcher with 16 workers.
[PhysX] Initialized MultithreadedTaskDispatcher with 16 workers.
 -> (artifact id: 'aef404d0852a7c0eb13a236d42b14d57') in 0.019514 seconds
Number of updated asset objects reloaded before import = 0
Number of asset objects unloaded after import = 2
========================================================================
Received Import Request.
  Time since last request: 0.000015 seconds.
  path: Assets/PNG/Red/Default/arrow_basic_s_small.png
  artifactKey: Guid(f5729fc93ae71ad43ad88fa26187ff4f) Importer(815301076,1909f56bfc062723c751e8b465ee728b)
Start importing Assets/PNG/Red/Default/arrow_basic_s_small.png using Guid(f5729fc93ae71ad43ad88fa26187ff4f) Importer(815301076,1909f56bfc062723c751e8b465ee728b) [PhysX] Initialized MultithreadedTaskDispatcher with 16 workers.
[PhysX] Initialized MultithreadedTaskDispatcher with 16 workers.
 -> (artifact id: 'e9ad472cced9c00ca21dc4a4d6f1de5b') in 0.010403 seconds
Number of updated asset objects reloaded before import = 0
Number of asset objects unloaded after import = 2
========================================================================
Received Import Request.
  Time since last request: 0.000039 seconds.
  path: Assets/PNG/Red/Default/icon_outline_square.png
  artifactKey: Guid(824d298f342c85346bda738106d57c7a) Importer(815301076,1909f56bfc062723c751e8b465ee728b)
Start importing Assets/PNG/Red/Default/icon_outline_square.png using Guid(824d298f342c85346bda738106d57c7a) Importer(815301076,1909f56bfc062723c751e8b465ee728b) [PhysX] Initialized MultithreadedTaskDispatcher with 16 workers.
[PhysX] Initialized MultithreadedTaskDispatcher with 16 workers.
 -> (artifact id: '383d7af43fe2fb67277398d9d9a8f582') in 0.004205 seconds
Number of updated asset objects reloaded before import = 0
Number of asset objects unloaded after import = 2
========================================================================
Received Import Request.
  Time since last request: 0.000024 seconds.
  path: Assets/PNG/Red/Default/check_round_grey.png
  artifactKey: Guid(df336477a5dfa7b4687b3d0eb03948f5) Importer(815301076,1909f56bfc062723c751e8b465ee728b)
Start importing Assets/PNG/Red/Default/check_round_grey.png using Guid(df336477a5dfa7b4687b3d0eb03948f5) Importer(815301076,1909f56bfc062723c751e8b465ee728b) [PhysX] Initialized MultithreadedTaskDispatcher with 16 workers.
[PhysX] Initialized MultithreadedTaskDispatcher with 16 workers.
 -> (artifact id: '3946e41ec55f4ce71a97632949141fa8') in 0.015678 seconds
Number of updated asset objects reloaded before import = 0
Number of asset objects unloaded after import = 2
========================================================================
Received Import Request.
  Time since last request: 0.000016 seconds.
  path: Assets/PNG/Red/Default/arrow_decorative_w_small.png
  artifactKey: Guid(18ca13e5dea06074687697beb0017031) Importer(815301076,1909f56bfc062723c751e8b465ee728b)
Start importing Assets/PNG/Red/Default/arrow_decorative_w_small.png using Guid(18ca13e5dea06074687697beb0017031) Importer(815301076,1909f56bfc062723c751e8b465ee728b) [PhysX] Initialized MultithreadedTaskDispatcher with 16 workers.
[PhysX] Initialized MultithreadedTaskDispatcher with 16 workers.
 -> (artifact id: '0edd1488090ae7d8e9f44ad64c5ff343') in 0.012913 seconds
Number of updated asset objects reloaded before import = 0
Number of asset objects unloaded after import = 2
========================================================================
Received Import Request.
  Time since last request: 0.000023 seconds.
  path: Assets/PNG/Red/Default/icon_cross.png
  artifactKey: Guid(416e4edfc35d86e458a3ad6469dfe211) Importer(815301076,1909f56bfc062723c751e8b465ee728b)
Start importing Assets/PNG/Red/Default/icon_cross.png using Guid(416e4edfc35d86e458a3ad6469dfe211) Importer(815301076,1909f56bfc062723c751e8b465ee728b) [PhysX] Initialized MultithreadedTaskDispatcher with 16 workers.
[PhysX] Initialized MultithreadedTaskDispatcher with 16 workers.
 -> (artifact id: 'af0cadeb77c731c2d03fa691d805090f') in 0.015559 seconds
Number of updated asset objects reloaded before import = 0
Number of asset objects unloaded after import = 2
========================================================================
Received Import Request.
  Time since last request: 0.467966 seconds.
  path: Assets/PNG/Red/Default/slide_vertical_color_section_wide.png
  artifactKey: Guid(28e29091c9d8b914ab0ed1dfa17d2570) Importer(815301076,1909f56bfc062723c751e8b465ee728b)
Start importing Assets/PNG/Red/Default/slide_vertical_color_section_wide.png using Guid(28e29091c9d8b914ab0ed1dfa17d2570) Importer(815301076,1909f56bfc062723c751e8b465ee728b) [PhysX] Initialized MultithreadedTaskDispatcher with 16 workers.
[PhysX] Initialized MultithreadedTaskDispatcher with 16 workers.
 -> (artifact id: '4ebc4872617b7cf72afa3565396e89a9') in 0.015084 seconds
Number of updated asset objects reloaded before import = 0
Number of asset objects unloaded after import = 2
========================================================================
Received Import Request.
  Time since last request: 0.000015 seconds.
  path: Assets/PNG/Red/Default/slide_vertical_grey_section_wide.png
  artifactKey: Guid(16a4da41781e1ff408c9462864c30fa2) Importer(815301076,1909f56bfc062723c751e8b465ee728b)
Start importing Assets/PNG/Red/Default/slide_vertical_grey_section_wide.png using Guid(16a4da41781e1ff408c9462864c30fa2) Importer(815301076,1909f56bfc062723c751e8b465ee728b) [PhysX] Initialized MultithreadedTaskDispatcher with 16 workers.
[PhysX] Initialized MultithreadedTaskDispatcher with 16 workers.
 -> (artifact id: 'fcea7336fe58d8bd84cbc5918771ad4c') in 0.017115 seconds
Number of updated asset objects reloaded before import = 0
Number of asset objects unloaded after import = 2
========================================================================
Received Import Request.
  Time since last request: 165.656678 seconds.
  path: Assets/Spritesheets/pixel_style2.png
  artifactKey: Guid(9515e2d0fcc017443ac4521179bce88b) Importer(815301076,1909f56bfc062723c751e8b465ee728b)
Start importing Assets/Spritesheets/pixel_style2.png using Guid(9515e2d0fcc017443ac4521179bce88b) Importer(815301076,1909f56bfc062723c751e8b465ee728b) [PhysX] Initialized MultithreadedTaskDispatcher with 16 workers.
[PhysX] Initialized MultithreadedTaskDispatcher with 16 workers.
 -> (artifact id: '68cbde3c57c1b0a832337b3cbff1d689') in 0.007660 seconds
Number of updated asset objects reloaded before import = 0
Number of asset objects unloaded after import = 2
========================================================================
Received Import Request.
  Time since last request: 0.001361 seconds.
  path: Assets/Spritesheets/pixel_style6.png
  artifactKey: Guid(c60407f01d861a94ba94aa9a66df4f95) Importer(815301076,1909f56bfc062723c751e8b465ee728b)
Start importing Assets/Spritesheets/pixel_style6.png using Guid(c60407f01d861a94ba94aa9a66df4f95) Importer(815301076,1909f56bfc062723c751e8b465ee728b) [PhysX] Initialized MultithreadedTaskDispatcher with 16 workers.
[PhysX] Initialized MultithreadedTaskDispatcher with 16 workers.
 -> (artifact id: 'd8fec1252df89fe5e58fe79ff889ad6e') in 0.005947 seconds
Number of updated asset objects reloaded before import = 0
Number of asset objects unloaded after import = 2
========================================================================
Received Import Request.
  Time since last request: 0.000020 seconds.
  path: Assets/Spritesheets/vector_style8.png
  artifactKey: Guid(09aa036fc69e2764f8dd7d3fce26f7db) Importer(815301076,1909f56bfc062723c751e8b465ee728b)
Start importing Assets/Spritesheets/vector_style8.png using Guid(09aa036fc69e2764f8dd7d3fce26f7db) Importer(815301076,1909f56bfc062723c751e8b465ee728b) [PhysX] Initialized MultithreadedTaskDispatcher with 16 workers.
[PhysX] Initialized MultithreadedTaskDispatcher with 16 workers.
 -> (artifact id: '25d52e55d97626e43195e13f0f53307d') in 0.009874 seconds
Number of updated asset objects reloaded before import = 0
Number of asset objects unloaded after import = 2
========================================================================
Received Import Request.
  Time since last request: 0.000017 seconds.
  path: Assets/Spritesheets/vector_style4.png
  artifactKey: Guid(64dc295f0964a0048831657c202e332a) Importer(815301076,1909f56bfc062723c751e8b465ee728b)
Start importing Assets/Spritesheets/vector_style4.png using Guid(64dc295f0964a0048831657c202e332a) Importer(815301076,1909f56bfc062723c751e8b465ee728b) [PhysX] Initialized MultithreadedTaskDispatcher with 16 workers.
[PhysX] Initialized MultithreadedTaskDispatcher with 16 workers.
 -> (artifact id: 'b9c3b95706753ada11539a78e94c9a1a') in 0.009156 seconds
Number of updated asset objects reloaded before import = 0
Number of asset objects unloaded after import = 2
========================================================================
Received Import Request.
  Time since last request: 0.000020 seconds.
  path: Assets/Spritesheets/pixel_style4.png
  artifactKey: Guid(ddbf6e5577e9b6f468c4eb672a5f5ba7) Importer(815301076,1909f56bfc062723c751e8b465ee728b)
Start importing Assets/Spritesheets/pixel_style4.png using Guid(ddbf6e5577e9b6f468c4eb672a5f5ba7) Importer(815301076,1909f56bfc062723c751e8b465ee728b) [PhysX] Initialized MultithreadedTaskDispatcher with 16 workers.
[PhysX] Initialized MultithreadedTaskDispatcher with 16 workers.
 -> (artifact id: '415141cae6197761fe0889f42cea14f9') in 0.009995 seconds
Number of updated asset objects reloaded before import = 0
Number of asset objects unloaded after import = 2
========================================================================
Received Import Request.
  Time since last request: 0.000021 seconds.
  path: Assets/Spritesheets/vector_style5.png
  artifactKey: Guid(26fd6ae8827177d4cbce2e06a8b7064d) Importer(815301076,1909f56bfc062723c751e8b465ee728b)
Start importing Assets/Spritesheets/vector_style5.png using Guid(26fd6ae8827177d4cbce2e06a8b7064d) Importer(815301076,1909f56bfc062723c751e8b465ee728b) [PhysX] Initialized MultithreadedTaskDispatcher with 16 workers.
[PhysX] Initialized MultithreadedTaskDispatcher with 16 workers.
 -> (artifact id: 'b5632431923c1ca59ba9536fdb1e7a22') in 0.013923 seconds
Number of updated asset objects reloaded before import = 0
Number of asset objects unloaded after import = 2
========================================================================
Received Import Request.
  Time since last request: 0.000021 seconds.
  path: Assets/Spritesheets/pixel_style3.png
  artifactKey: Guid(dbf49f6e460e6e44f90d7cb94d456227) Importer(815301076,1909f56bfc062723c751e8b465ee728b)
Start importing Assets/Spritesheets/pixel_style3.png using Guid(dbf49f6e460e6e44f90d7cb94d456227) Importer(815301076,1909f56bfc062723c751e8b465ee728b) [PhysX] Initialized MultithreadedTaskDispatcher with 16 workers.
[PhysX] Initialized MultithreadedTaskDispatcher with 16 workers.
 -> (artifact id: '523aae9e36e438fbfe604a7fa32dc91a') in 0.012456 seconds
Number of updated asset objects reloaded before import = 0
Number of asset objects unloaded after import = 2
========================================================================
Received Import Request.
  Time since last request: 0.000019 seconds.
  path: Assets/Spritesheets/vector_style6.png
  artifactKey: Guid(f04cb5d706ee5294ca99fdde33c52a7a) Importer(815301076,1909f56bfc062723c751e8b465ee728b)
Start importing Assets/Spritesheets/vector_style6.png using Guid(f04cb5d706ee5294ca99fdde33c52a7a) Importer(815301076,1909f56bfc062723c751e8b465ee728b) [PhysX] Initialized MultithreadedTaskDispatcher with 16 workers.
[PhysX] Initialized MultithreadedTaskDispatcher with 16 workers.
 -> (artifact id: 'ca9890e7f5961b8b3cb4a85d6df0b6e7') in 0.007207 seconds
Number of updated asset objects reloaded before import = 0
Number of asset objects unloaded after import = 2
========================================================================
Received Import Request.
  Time since last request: 41.560997 seconds.
  path: Assets/PNG/Vector/Style 2/emote_anger.png
  artifactKey: Guid(20c1c7939e877f44ab1eee4a95b32a23) Importer(815301076,1909f56bfc062723c751e8b465ee728b)
Start importing Assets/PNG/Vector/Style 2/emote_anger.png using Guid(20c1c7939e877f44ab1eee4a95b32a23) Importer(815301076,1909f56bfc062723c751e8b465ee728b) [PhysX] Initialized MultithreadedTaskDispatcher with 16 workers.
[PhysX] Initialized MultithreadedTaskDispatcher with 16 workers.
 -> (artifact id: 'd84dff3c7fd10ee2202d20f4e9acded3') in 0.004172 seconds
Number of updated asset objects reloaded before import = 0
Number of asset objects unloaded after import = 2
========================================================================
Received Import Request.
  Time since last request: 0.000018 seconds.
  path: Assets/PNG/Vector/Style 2/emote_exclamation.png
  artifactKey: Guid(9b396dc159074404ca64189f56e142af) Importer(815301076,1909f56bfc062723c751e8b465ee728b)
Start importing Assets/PNG/Vector/Style 2/emote_exclamation.png using Guid(9b396dc159074404ca64189f56e142af) Importer(815301076,1909f56bfc062723c751e8b465ee728b) [PhysX] Initialized MultithreadedTaskDispatcher with 16 workers.
[PhysX] Initialized MultithreadedTaskDispatcher with 16 workers.
 -> (artifact id: 'b18bc3c1e8ad6b88f4d412f6a03479f4') in 0.003874 seconds
Number of updated asset objects reloaded before import = 0
Number of asset objects unloaded after import = 2
========================================================================
Received Import Request.
  Time since last request: 0.000018 seconds.
  path: Assets/PNG/Vector/Style 2/emote_music.png
  artifactKey: Guid(bbf4d797f833ab44d8c96aa08694656a) Importer(815301076,1909f56bfc062723c751e8b465ee728b)
Start importing Assets/PNG/Vector/Style 2/emote_music.png using Guid(bbf4d797f833ab44d8c96aa08694656a) Importer(815301076,1909f56bfc062723c751e8b465ee728b) [PhysX] Initialized MultithreadedTaskDispatcher with 16 workers.
[PhysX] Initialized MultithreadedTaskDispatcher with 16 workers.
 -> (artifact id: '19b0a9c887bfc00e793cc1f1fd28ed0b') in 0.005286 seconds
Number of updated asset objects reloaded before import = 0
Number of asset objects unloaded after import = 2
========================================================================
Received Import Request.
  Time since last request: 0.000012 seconds.
  path: Assets/PNG/Vector/Style 2/emote_star.png
  artifactKey: Guid(6edc685fc1455ef449fd32c322e8e127) Importer(815301076,1909f56bfc062723c751e8b465ee728b)
Start importing Assets/PNG/Vector/Style 2/emote_star.png using Guid(6edc685fc1455ef449fd32c322e8e127) Importer(815301076,1909f56bfc062723c751e8b465ee728b) [PhysX] Initialized MultithreadedTaskDispatcher with 16 workers.
[PhysX] Initialized MultithreadedTaskDispatcher with 16 workers.
 -> (artifact id: '141ee7102a2f021498fa5299c97cc325') in 0.006290 seconds
Number of updated asset objects reloaded before import = 0
Number of asset objects unloaded after import = 2
========================================================================
Received Import Request.
  Time since last request: 0.000016 seconds.
  path: Assets/PNG/Vector/Style 2/emote_heart.png
  artifactKey: Guid(b3c4f5557eca75343af53df99808851e) Importer(815301076,1909f56bfc062723c751e8b465ee728b)
Start importing Assets/PNG/Vector/Style 2/emote_heart.png using Guid(b3c4f5557eca75343af53df99808851e) Importer(815301076,1909f56bfc062723c751e8b465ee728b) [PhysX] Initialized MultithreadedTaskDispatcher with 16 workers.
[PhysX] Initialized MultithreadedTaskDispatcher with 16 workers.
 -> (artifact id: '01bbfdf009f3c905127d43b1cf398e5d') in 0.005198 seconds
Number of updated asset objects reloaded before import = 0
Number of asset objects unloaded after import = 2
========================================================================
Received Import Request.
  Time since last request: 0.000018 seconds.
  path: Assets/PNG/Vector/Style 2/emote_drops.png
  artifactKey: Guid(2e10369b1c3773343ba7c8c5a095c5b7) Importer(815301076,1909f56bfc062723c751e8b465ee728b)
Start importing Assets/PNG/Vector/Style 2/emote_drops.png using Guid(2e10369b1c3773343ba7c8c5a095c5b7) Importer(815301076,1909f56bfc062723c751e8b465ee728b) [PhysX] Initialized MultithreadedTaskDispatcher with 16 workers.
[PhysX] Initialized MultithreadedTaskDispatcher with 16 workers.
 -> (artifact id: '4d2c7344991e18509577049e48004e26') in 0.004052 seconds
Number of updated asset objects reloaded before import = 0
Number of asset objects unloaded after import = 2
========================================================================
Received Import Request.
  Time since last request: 0.000017 seconds.
  path: Assets/PNG/Vector/Style 2/emote_dots3.png
  artifactKey: Guid(4baf7656c50cd8e4aa8d86fe60e6a1ea) Importer(815301076,1909f56bfc062723c751e8b465ee728b)
Start importing Assets/PNG/Vector/Style 2/emote_dots3.png using Guid(4baf7656c50cd8e4aa8d86fe60e6a1ea) Importer(815301076,1909f56bfc062723c751e8b465ee728b) [PhysX] Initialized MultithreadedTaskDispatcher with 16 workers.
[PhysX] Initialized MultithreadedTaskDispatcher with 16 workers.
 -> (artifact id: '170874ddbe2b64a7e68803c44f3b2fce') in 0.003640 seconds
Number of updated asset objects reloaded before import = 0
Number of asset objects unloaded after import = 2
========================================================================
Received Import Request.
  Time since last request: 0.000015 seconds.
  path: Assets/PNG/Vector/Style 2/emote_cash.png
  artifactKey: Guid(ba25930baba07dc4b894c5e7ae965d8b) Importer(815301076,1909f56bfc062723c751e8b465ee728b)
Start importing Assets/PNG/Vector/Style 2/emote_cash.png using Guid(ba25930baba07dc4b894c5e7ae965d8b) Importer(815301076,1909f56bfc062723c751e8b465ee728b) [PhysX] Initialized MultithreadedTaskDispatcher with 16 workers.
[PhysX] Initialized MultithreadedTaskDispatcher with 16 workers.
 -> (artifact id: '351b09b504a184ea7ab0380a1069a448') in 0.010873 seconds
Number of updated asset objects reloaded before import = 0
Number of asset objects unloaded after import = 2
========================================================================
Received Import Request.
  Time since last request: 0.000014 seconds.
  path: Assets/PNG/Vector/Style 2/emote_cloud.png
  artifactKey: Guid(81cc2151928acdb47ad574124520529c) Importer(815301076,1909f56bfc062723c751e8b465ee728b)
Start importing Assets/PNG/Vector/Style 2/emote_cloud.png using Guid(81cc2151928acdb47ad574124520529c) Importer(815301076,1909f56bfc062723c751e8b465ee728b) [PhysX] Initialized MultithreadedTaskDispatcher with 16 workers.
[PhysX] Initialized MultithreadedTaskDispatcher with 16 workers.
 -> (artifact id: '5a10165a291cef313988277895aa9c84') in 0.008781 seconds
Number of updated asset objects reloaded before import = 0
Number of asset objects unloaded after import = 2
========================================================================
Received Import Request.
  Time since last request: 0.000018 seconds.
  path: Assets/PNG/Vector/Style 2/emote_question.png
  artifactKey: Guid(fc4b1c9008dc3b74ea4c294feb074285) Importer(815301076,1909f56bfc062723c751e8b465ee728b)
Start importing Assets/PNG/Vector/Style 2/emote_question.png using Guid(fc4b1c9008dc3b74ea4c294feb074285) Importer(815301076,1909f56bfc062723c751e8b465ee728b) [PhysX] Initialized MultithreadedTaskDispatcher with 16 workers.
[PhysX] Initialized MultithreadedTaskDispatcher with 16 workers.
 -> (artifact id: '43bac5bbe1a4cb16b8350ebca1f45bc0') in 0.005193 seconds
Number of updated asset objects reloaded before import = 0
Number of asset objects unloaded after import = 2
========================================================================
Received Import Request.
  Time since last request: 0.000015 seconds.
  path: Assets/PNG/Vector/Style 2/emote_drop.png
  artifactKey: Guid(915919d8bddef464e8e97d45c19ee142) Importer(815301076,1909f56bfc062723c751e8b465ee728b)
Start importing Assets/PNG/Vector/Style 2/emote_drop.png using Guid(915919d8bddef464e8e97d45c19ee142) Importer(815301076,1909f56bfc062723c751e8b465ee728b) [PhysX] Initialized MultithreadedTaskDispatcher with 16 workers.
[PhysX] Initialized MultithreadedTaskDispatcher with 16 workers.
 -> (artifact id: 'f5d266ea1c80a20a0cafca966445df8b') in 0.006619 seconds
Number of updated asset objects reloaded before import = 0
Number of asset objects unloaded after import = 2
Editor requested this worker to shutdown with reason: Scaling down because of idle timeout
TcpMessagingSession - receive error: operation aborted. errorcode: 995, details:  /   -       .
AssetImportWorker is now disconnected from the server
Process exiting
Exiting without the bug reporter. Application will terminate with return code 0