Using pre-set license
Built from '2022.3/staging' branch; Version is '2022.3.37f1 (340ba89e4c23) revision 3410856'; Using compiler version '192829333'; Build Type 'Release'
OS: 'Windows 10  (10.0.19045) 64bit Enterprise' Language: 'ru' Physical Memory: 32690 MB
BatchMode: 1, IsHumanControllingUs: 0, StartBugReporterOnCrash: 0, Is64bit: 1, IsPro: 1

COMMAND LINE ARGUMENTS:
R:\Unity Editor\2022.3.37f1\Editor\Unity.exe
-adb2
-batchMode
-noUpm
-name
AssetImportWorker8
-projectPath
D:/Unity Repo/Unity_homeworks/homework_1
-logFile
Logs/AssetImportWorker8.log
-srvPort
59147
Successfully changed project path to: D:/Unity Repo/Unity_homeworks/homework_1
D:/Unity Repo/Unity_homeworks/homework_1
[UnityMemory] Configuration Parameters - Can be set up in boot.config
    "memorysetup-bucket-allocator-granularity=16"
    "memorysetup-bucket-allocator-bucket-count=8"
    "memorysetup-bucket-allocator-block-size=33554432"
    "memorysetup-bucket-allocator-block-count=8"
    "memorysetup-main-allocator-block-size=16777216"
    "memorysetup-thread-allocator-block-size=16777216"
    "memorysetup-gfx-main-allocator-block-size=16777216"
    "memorysetup-gfx-thread-allocator-block-size=16777216"
    "memorysetup-cache-allocator-block-size=4194304"
    "memorysetup-typetree-allocator-block-size=2097152"
    "memorysetup-profiler-bucket-allocator-granularity=16"
    "memorysetup-profiler-bucket-allocator-bucket-count=8"
    "memorysetup-profiler-bucket-allocator-block-size=33554432"
    "memorysetup-profiler-bucket-allocator-block-count=8"
    "memorysetup-profiler-allocator-block-size=16777216"
    "memorysetup-profiler-editor-allocator-block-size=1048576"
    "memorysetup-temp-allocator-size-main=16777216"
    "memorysetup-job-temp-allocator-block-size=2097152"
    "memorysetup-job-temp-allocator-block-size-background=1048576"
    "memorysetup-job-temp-allocator-reduction-small-platforms=262144"
    "memorysetup-allocator-temp-initial-block-size-main=262144"
    "memorysetup-allocator-temp-initial-block-size-worker=262144"
    "memorysetup-temp-allocator-size-background-worker=32768"
    "memorysetup-temp-allocator-size-job-worker=262144"
    "memorysetup-temp-allocator-size-preload-manager=33554432"
    "memorysetup-temp-allocator-size-nav-mesh-worker=65536"
    "memorysetup-temp-allocator-size-audio-worker=65536"
    "memorysetup-temp-allocator-size-cloud-worker=32768"
    "memorysetup-temp-allocator-size-gi-baking-worker=262144"
    "memorysetup-temp-allocator-size-gfx=262144"
Player connection [17452] Host "[IP] 192.168.1.101 [Port] 0 [Flags] 2 [Guid] 2812257746 [EditorId] 2812257746 [Version] 1048832 [Id] WindowsEditor(7,DESKTOP-NMTGNKJ) [Debug] 1 [PackageName] WindowsEditor [ProjectName] Editor" joined multi-casting on [225.0.0.222:54997]...

Player connection [17452] Host "[IP] 192.168.1.101 [Port] 0 [Flags] 2 [Guid] 2812257746 [EditorId] 2812257746 [Version] 1048832 [Id] WindowsEditor(7,DESKTOP-NMTGNKJ) [Debug] 1 [PackageName] WindowsEditor [ProjectName] Editor" joined alternative multi-casting on [225.0.0.222:34997]...

[PhysX] Initialized MultithreadedTaskDispatcher with 16 workers.
Refreshing native plugins compatible for Editor in 7.96 ms, found 3 plugins.
Preloading 0 native plugins for Editor in 0.00 ms.
Initialize engine version: 2022.3.37f1 (340ba89e4c23)
[Subsystems] Discovering subsystems at path R:/Unity Editor/2022.3.37f1/Editor/Data/Resources/UnitySubsystems
[Subsystems] Discovering subsystems at path D:/Unity Repo/Unity_homeworks/homework_1/Assets
GfxDevice: creating device client; threaded=0; jobified=0
Direct3D:
    Version:  Direct3D 11.0 [level 11.1]
    Renderer: NVIDIA GeForce RTX 3060 Ti (ID=0x24c9)
    Vendor:   NVIDIA
    VRAM:     8024 MB
    Driver:   31.0.15.5186
Initialize mono
Mono path[0] = 'R:/Unity Editor/2022.3.37f1/Editor/Data/Managed'
Mono path[1] = 'R:/Unity Editor/2022.3.37f1/Editor/Data/MonoBleedingEdge/lib/mono/unityjit-win32'
Mono config path = 'R:/Unity Editor/2022.3.37f1/Editor/Data/MonoBleedingEdge/etc'
Using monoOptions --debugger-agent=transport=dt_socket,embedding=1,server=y,suspend=n,address=127.0.0.1:56920
Begin MonoManager ReloadAssembly
Registering precompiled unity dll's ...
Register platform support module: R:/Unity Editor/2022.3.37f1/Editor/Data/PlaybackEngines/WebGLSupport/UnityEditor.WebGL.Extensions.dll
Register platform support module: R:/Unity Editor/2022.3.37f1/Editor/Data/PlaybackEngines/AndroidPlayer/UnityEditor.Android.Extensions.dll
Register platform support module: R:/Unity Editor/2022.3.37f1/Editor/Data/PlaybackEngines/WindowsStandaloneSupport/UnityEditor.WindowsStandalone.Extensions.dll
Registered in 0.004878 seconds.
- Loaded All Assemblies, in  0.279 seconds
Native extension for WindowsStandalone target not found
Native extension for Android target not found
Android Extension - Scanning For ADB Devices 198 ms
Native extension for WebGL target not found
Mono: successfully reloaded assembly
- Finished resetting the current domain, in  0.467 seconds
Domain Reload Profiling: 746ms
	BeginReloadAssembly (80ms)
		ExecutionOrderSort (0ms)
		DisableScriptedObjects (0ms)
		BackupInstance (0ms)
		ReleaseScriptingObjects (0ms)
		CreateAndSetChildDomain (1ms)
	RebuildCommonClasses (29ms)
	RebuildNativeTypeToScriptingClass (10ms)
	initialDomainReloadingComplete (43ms)
	LoadAllAssembliesAndSetupDomain (117ms)
		LoadAssemblies (80ms)
		RebuildTransferFunctionScriptingTraits (0ms)
		AnalyzeDomain (115ms)
			TypeCache.Refresh (114ms)
				TypeCache.ScanAssembly (104ms)
			ScanForSourceGeneratedMonoScriptInfo (0ms)
			ResolveRequiredComponents (0ms)
	FinalizeReload (468ms)
		ReleaseScriptCaches (0ms)
		RebuildScriptCaches (0ms)
		SetupLoadedEditorAssemblies (419ms)
			LogAssemblyErrors (0ms)
			InitializePlatformSupportModulesInManaged (284ms)
			SetLoadedEditorAssemblies (3ms)
			RefreshPlugins (0ms)
			BeforeProcessingInitializeOnLoad (2ms)
			ProcessInitializeOnLoadAttributes (93ms)
			ProcessInitializeOnLoadMethodAttributes (37ms)
			AfterProcessingInitializeOnLoad (0ms)
			EditorAssembliesLoaded (0ms)
		ExecutionOrderSort2 (0ms)
		AwakeInstancesAfterBackupRestoration (0ms)
========================================================================
Worker process is ready to serve import requests
Begin MonoManager ReloadAssembly
- Loaded All Assemblies, in  0.473 seconds
Refreshing native plugins compatible for Editor in 1.93 ms, found 3 plugins.
Native extension for WindowsStandalone target not found
Native extension for Android target not found
Native extension for WebGL target not found
Package Manager log level set to [2]
[Package Manager] Server::EnsureServerProcessIsRunning -- launch failed, reason: Unity was launched with the -noUpm command-line argument
[Package Manager] UpmClient::Send -- Unable to send message (not connected to UPM process).
[Package Manager] Cannot connect to Unity Package Manager local server
Mono: successfully reloaded assembly
- Finished resetting the current domain, in  0.452 seconds
Domain Reload Profiling: 925ms
	BeginReloadAssembly (114ms)
		ExecutionOrderSort (0ms)
		DisableScriptedObjects (5ms)
		BackupInstance (0ms)
		ReleaseScriptingObjects (0ms)
		CreateAndSetChildDomain (18ms)
	RebuildCommonClasses (30ms)
	RebuildNativeTypeToScriptingClass (10ms)
	initialDomainReloadingComplete (32ms)
	LoadAllAssembliesAndSetupDomain (286ms)
		LoadAssemblies (201ms)
		RebuildTransferFunctionScriptingTraits (0ms)
		AnalyzeDomain (151ms)
			TypeCache.Refresh (134ms)
				TypeCache.ScanAssembly (121ms)
			ScanForSourceGeneratedMonoScriptInfo (11ms)
			ResolveRequiredComponents (4ms)
	FinalizeReload (453ms)
		ReleaseScriptCaches (0ms)
		RebuildScriptCaches (0ms)
		SetupLoadedEditorAssemblies (336ms)
			LogAssemblyErrors (0ms)
			InitializePlatformSupportModulesInManaged (18ms)
			SetLoadedEditorAssemblies (2ms)
			RefreshPlugins (0ms)
			BeforeProcessingInitializeOnLoad (41ms)
			ProcessInitializeOnLoadAttributes (258ms)
			ProcessInitializeOnLoadMethodAttributes (16ms)
			AfterProcessingInitializeOnLoad (2ms)
			EditorAssembliesLoaded (0ms)
		ExecutionOrderSort2 (0ms)
		AwakeInstancesAfterBackupRestoration (6ms)
Launched and connected shader compiler UnityShaderCompiler.exe after 0.03 seconds
Refreshing native plugins compatible for Editor in 1.86 ms, found 3 plugins.
Preloading 0 native plugins for Editor in 0.00 ms.
Unloading 3113 Unused Serialized files (Serialized files now loaded: 0)
Unloading 33 unused Assets / (58.3 KB). Loaded Objects now: 3599.
Memory consumption went from 135.3 MB to 135.2 MB.
Total: 2.721000 ms (FindLiveObjects: 0.202300 ms CreateObjectMapping: 0.084400 ms MarkObjects: 2.326300 ms  DeleteObjects: 0.107100 ms)

AssetImportParameters requested are different than current active one (requested -> active):
  custom:container-demuxer-ogg: 62fdf1f143b41e24485cea50d1cbac27 -> 
  custom:video-decoder-ogg-theora: a1e56fd34408186e4bbccfd4996cb3dc -> 
  custom:framework-win-MediaFoundation: 216162199b28c13a410421893ffa2e32 -> 
  custom:CustomObjectIndexerAttribute: 9a22284fe3817be447336de3de66b15e -> 
  custom:container-demuxer-webm: 4f35f7cbe854078d1ac9338744f61a02 -> 
  custom:container-muxer-webm: aa71ff27fc2769a1b78a27578f13a17b -> 
  custom:video-decoder-webm-vp8: 9c59270c3fd7afecdb556c50c9e8de78 -> 
  custom:SearchIndexIgnoredProperties: e643bd26f0fe6173181afceb89e7c659 -> 
  custom:AudioImporter_EditorPlatform: d09bf68614088b80899f8185d706f6e7 -> 
  custom:video-encoder-webm-vp8: eb34c28f22e8b96e1ab97ce403110664 -> 
  custom:audio-decoder-ogg-vorbis: bf7c407c2cedff20999df2af8eb42d56 -> 
  custom:audio-encoder-webm-vorbis: bf7c407c2cedff20999df2af8eb42d56 -> 
========================================================================
Received Import Request.
  Time since last request: 45460.480960 seconds.
  path: Assets/Tom's Terrain Tools/Example Data/1-bushmap.tif
  artifactKey: Guid(9cf1b056872e14e2e8b74155278345b8) Importer(815301076,1909f56bfc062723c751e8b465ee728b)
Start importing Assets/Tom's Terrain Tools/Example Data/1-bushmap.tif using Guid(9cf1b056872e14e2e8b74155278345b8) Importer(815301076,1909f56bfc062723c751e8b465ee728b) [PhysX] Initialized MultithreadedTaskDispatcher with 16 workers.
[PhysX] Initialized MultithreadedTaskDispatcher with 16 workers.
 -> (artifact id: '9d9d8c3621ff0c6cd15aa420c8e723ba') in 0.068847 seconds
Number of updated asset objects reloaded before import = 0
Number of asset objects unloaded after import = 2
========================================================================
Received Import Request.
  Time since last request: 0.000015 seconds.
  path: Assets/Tom's Terrain Tools/Example Data/1Terrain_splatmap.png
  artifactKey: Guid(3dfc45796632e6941bbc179669c647c7) Importer(815301076,1909f56bfc062723c751e8b465ee728b)
Start importing Assets/Tom's Terrain Tools/Example Data/1Terrain_splatmap.png using Guid(3dfc45796632e6941bbc179669c647c7) Importer(815301076,1909f56bfc062723c751e8b465ee728b) [PhysX] Initialized MultithreadedTaskDispatcher with 16 workers.
[PhysX] Initialized MultithreadedTaskDispatcher with 16 workers.
 -> (artifact id: 'edf9957814a5214becc08451fc6712a0') in 0.008680 seconds
Number of updated asset objects reloaded before import = 0
Number of asset objects unloaded after import = 2
========================================================================
Received Import Request.
  Time since last request: 1.531692 seconds.
  path: Assets/Tom's Terrain Tools/Example Data/2-spawnmap.tif
  artifactKey: Guid(67790b7e4a86448178a9309b17359524) Importer(815301076,1909f56bfc062723c751e8b465ee728b)
Start importing Assets/Tom's Terrain Tools/Example Data/2-spawnmap.tif using Guid(67790b7e4a86448178a9309b17359524) Importer(815301076,1909f56bfc062723c751e8b465ee728b) [PhysX] Initialized MultithreadedTaskDispatcher with 16 workers.
[PhysX] Initialized MultithreadedTaskDispatcher with 16 workers.
 -> (artifact id: '8e32ee7fcb6c5da550289753c56700e7') in 0.005031 seconds
Number of updated asset objects reloaded before import = 0
Number of asset objects unloaded after import = 2
========================================================================
Received Import Request.
  Time since last request: 2.287036 seconds.
  path: Assets/Tom's Terrain Tools/Example Data/2-treemap.tif
  artifactKey: Guid(ee98f9873b9fb440fa21c8b4be6c72db) Importer(815301076,1909f56bfc062723c751e8b465ee728b)
Start importing Assets/Tom's Terrain Tools/Example Data/2-treemap.tif using Guid(ee98f9873b9fb440fa21c8b4be6c72db) Importer(815301076,1909f56bfc062723c751e8b465ee728b) [PhysX] Initialized MultithreadedTaskDispatcher with 16 workers.
[PhysX] Initialized MultithreadedTaskDispatcher with 16 workers.
 -> (artifact id: 'bad0132a01ac2a4374f2b95ce3d86a13') in 0.008084 seconds
Number of updated asset objects reloaded before import = 0
Number of asset objects unloaded after import = 2
========================================================================
Received Import Request.
  Time since last request: 0.030945 seconds.
  path: Assets/Tom's Terrain Tools/Example Data/3-grassmap.tif
  artifactKey: Guid(a2f219c9a1e2649ac88cc1250bb90f2d) Importer(815301076,1909f56bfc062723c751e8b465ee728b)
Start importing Assets/Tom's Terrain Tools/Example Data/3-grassmap.tif using Guid(a2f219c9a1e2649ac88cc1250bb90f2d) Importer(815301076,1909f56bfc062723c751e8b465ee728b) [PhysX] Initialized MultithreadedTaskDispatcher with 16 workers.
[PhysX] Initialized MultithreadedTaskDispatcher with 16 workers.
 -> (artifact id: 'bcdcd0bb5cf5353b099140367b5c042d') in 0.005780 seconds
Number of updated asset objects reloaded before import = 0
Number of asset objects unloaded after import = 2
========================================================================
Received Import Request.
  Time since last request: 22.959960 seconds.
  path: Assets/Tom's Terrain Tools/Example Data/3-spawnmap.tif
  artifactKey: Guid(48512632e327c426487e139e01db60d6) Importer(815301076,1909f56bfc062723c751e8b465ee728b)
Start importing Assets/Tom's Terrain Tools/Example Data/3-spawnmap.tif using Guid(48512632e327c426487e139e01db60d6) Importer(815301076,1909f56bfc062723c751e8b465ee728b) [PhysX] Initialized MultithreadedTaskDispatcher with 16 workers.
[PhysX] Initialized MultithreadedTaskDispatcher with 16 workers.
 -> (artifact id: '94b7615f9512e43ddf8468d14d35d454') in 0.010378 seconds
Number of updated asset objects reloaded before import = 0
Number of asset objects unloaded after import = 2
========================================================================
Received Import Request.
  Time since last request: 0.048652 seconds.
  path: Assets/Tom's Terrain Tools/Example Data/3-treemap.tif
  artifactKey: Guid(e1e24a0a857694776a1fc6af4c157564) Importer(815301076,1909f56bfc062723c751e8b465ee728b)
Start importing Assets/Tom's Terrain Tools/Example Data/3-treemap.tif using Guid(e1e24a0a857694776a1fc6af4c157564) Importer(815301076,1909f56bfc062723c751e8b465ee728b) [PhysX] Initialized MultithreadedTaskDispatcher with 16 workers.
[PhysX] Initialized MultithreadedTaskDispatcher with 16 workers.
 -> (artifact id: 'a4ec4140f1ff0dccb81d64708d0bcb9b') in 0.021893 seconds
Number of updated asset objects reloaded before import = 0
Number of asset objects unloaded after import = 2
========================================================================
Received Import Request.
  Time since last request: 0.182245 seconds.
  path: Assets/Tom's Terrain Tools/Example Data/7-grassmap.tif
  artifactKey: Guid(0f312a0c98e8e8a488620e042ac61657) Importer(815301076,1909f56bfc062723c751e8b465ee728b)
Start importing Assets/Tom's Terrain Tools/Example Data/7-grassmap.tif using Guid(0f312a0c98e8e8a488620e042ac61657) Importer(815301076,1909f56bfc062723c751e8b465ee728b) [PhysX] Initialized MultithreadedTaskDispatcher with 16 workers.
[PhysX] Initialized MultithreadedTaskDispatcher with 16 workers.
 -> (artifact id: '6472f9763aea3d2ad39effeff491a934') in 0.018239 seconds
Number of updated asset objects reloaded before import = 0
Number of asset objects unloaded after import = 2
========================================================================
Received Import Request.
  Time since last request: 0.035957 seconds.
  path: Assets/Tom's Terrain Tools/Example Data/7-treemap.tif
  artifactKey: Guid(305857cf5761c8f428ec249f42001b5b) Importer(815301076,1909f56bfc062723c751e8b465ee728b)
Start importing Assets/Tom's Terrain Tools/Example Data/7-treemap.tif using Guid(305857cf5761c8f428ec249f42001b5b) Importer(815301076,1909f56bfc062723c751e8b465ee728b) [PhysX] Initialized MultithreadedTaskDispatcher with 16 workers.
[PhysX] Initialized MultithreadedTaskDispatcher with 16 workers.
 -> (artifact id: '761e0c31fa0aeda688b24af68e34b7be') in 0.012456 seconds
Number of updated asset objects reloaded before import = 0
Number of asset objects unloaded after import = 2
========================================================================
Received Import Request.
  Time since last request: 0.032303 seconds.
  path: Assets/Tom's Terrain Tools/Unity Terrain Assets/Trees Ambient-Occlusion/Textures/AlderBranches.psd
  artifactKey: Guid(d72b881dbd110e38a00062d88f962b59) Importer(815301076,1909f56bfc062723c751e8b465ee728b)
Start importing Assets/Tom's Terrain Tools/Unity Terrain Assets/Trees Ambient-Occlusion/Textures/AlderBranches.psd using Guid(d72b881dbd110e38a00062d88f962b59) Importer(815301076,1909f56bfc062723c751e8b465ee728b) [PhysX] Initialized MultithreadedTaskDispatcher with 16 workers.
[PhysX] Initialized MultithreadedTaskDispatcher with 16 workers.
 -> (artifact id: '8ef0e659fdfabaecd172612efadc4ce7') in 0.019425 seconds
Number of updated asset objects reloaded before import = 0
Number of asset objects unloaded after import = 2
========================================================================
Received Import Request.
  Time since last request: 0.149033 seconds.
  path: Assets/Tom's Terrain Tools/Example Data/Standard Assets/Environment/SpeedTree/Broadleaf/Broadleaf_Desktop_Atlas_Billboards.tga
  artifactKey: Guid(951aab9a19f551f4385d0ceafdaf19b4) Importer(815301076,1909f56bfc062723c751e8b465ee728b)
Start importing Assets/Tom's Terrain Tools/Example Data/Standard Assets/Environment/SpeedTree/Broadleaf/Broadleaf_Desktop_Atlas_Billboards.tga using Guid(951aab9a19f551f4385d0ceafdaf19b4) Importer(815301076,1909f56bfc062723c751e8b465ee728b) [PhysX] Initialized MultithreadedTaskDispatcher with 16 workers.
[PhysX] Initialized MultithreadedTaskDispatcher with 16 workers.
 -> (artifact id: '2300545d7acce158a90af6b714c8d2fd') in 0.015117 seconds
Number of updated asset objects reloaded before import = 0
Number of asset objects unloaded after import = 2
========================================================================
Received Import Request.
  Time since last request: 0.038189 seconds.
  path: Assets/Tom's Terrain Tools/Example Data/Standard Assets/Environment/SpeedTree/Broadleaf/Broadleaf_Desktop_Atlas_Normal.tga
  artifactKey: Guid(b552931caa1b3ea418b9ba90cbd1333e) Importer(815301076,1909f56bfc062723c751e8b465ee728b)
Start importing Assets/Tom's Terrain Tools/Example Data/Standard Assets/Environment/SpeedTree/Broadleaf/Broadleaf_Desktop_Atlas_Normal.tga using Guid(b552931caa1b3ea418b9ba90cbd1333e) Importer(815301076,1909f56bfc062723c751e8b465ee728b) [PhysX] Initialized MultithreadedTaskDispatcher with 16 workers.
[PhysX] Initialized MultithreadedTaskDispatcher with 16 workers.
 -> (artifact id: 'c740d6fdc2fbef9fcddf941ee3ef46ab') in 0.013752 seconds
Number of updated asset objects reloaded before import = 0
Number of asset objects unloaded after import = 2
========================================================================
Received Import Request.
  Time since last request: 0.212789 seconds.
  path: Assets/Tom's Terrain Tools/Example Data/Standard Assets/Environment/SpeedTree/Broadleaf/Broadleaf_Mobile_Atlas.tga
  artifactKey: Guid(2c116325e19b8a04d916864cc540ec2d) Importer(815301076,1909f56bfc062723c751e8b465ee728b)
Start importing Assets/Tom's Terrain Tools/Example Data/Standard Assets/Environment/SpeedTree/Broadleaf/Broadleaf_Mobile_Atlas.tga using Guid(2c116325e19b8a04d916864cc540ec2d) Importer(815301076,1909f56bfc062723c751e8b465ee728b) [PhysX] Initialized MultithreadedTaskDispatcher with 16 workers.
[PhysX] Initialized MultithreadedTaskDispatcher with 16 workers.
 -> (artifact id: '988d3649c98cb3e450d492b0d902357b') in 0.005442 seconds
Number of updated asset objects reloaded before import = 0
Number of asset objects unloaded after import = 2
========================================================================
Received Import Request.
  Time since last request: 0.030781 seconds.
  path: Assets/Tom's Terrain Tools/Example Data/Standard Assets/Environment/SpeedTree/Broadleaf/Broadleaf_Mobile_Atlas_Billboards_Normal.tga
  artifactKey: Guid(c9de3ae2361df6c469caeb2024321cbf) Importer(815301076,1909f56bfc062723c751e8b465ee728b)
Start importing Assets/Tom's Terrain Tools/Example Data/Standard Assets/Environment/SpeedTree/Broadleaf/Broadleaf_Mobile_Atlas_Billboards_Normal.tga using Guid(c9de3ae2361df6c469caeb2024321cbf) Importer(815301076,1909f56bfc062723c751e8b465ee728b) [PhysX] Initialized MultithreadedTaskDispatcher with 16 workers.
[PhysX] Initialized MultithreadedTaskDispatcher with 16 workers.
 -> (artifact id: '7cd96ea1b30e850607dda4633b7a38c9') in 0.006602 seconds
Number of updated asset objects reloaded before import = 0
Number of asset objects unloaded after import = 2
========================================================================
Received Import Request.
  Time since last request: 0.020863 seconds.
  path: Assets/Tom's Terrain Tools/Example Data/Standard Assets/Environment/SpeedTree/Broadleaf/Broadleaf_Mobile_Atlas_Specular.tga
  artifactKey: Guid(45cab4c9b31009748999eec1556926b3) Importer(815301076,1909f56bfc062723c751e8b465ee728b)
Start importing Assets/Tom's Terrain Tools/Example Data/Standard Assets/Environment/SpeedTree/Broadleaf/Broadleaf_Mobile_Atlas_Specular.tga using Guid(45cab4c9b31009748999eec1556926b3) Importer(815301076,1909f56bfc062723c751e8b465ee728b) [PhysX] Initialized MultithreadedTaskDispatcher with 16 workers.
[PhysX] Initialized MultithreadedTaskDispatcher with 16 workers.
 -> (artifact id: '842d19af6fe2ea56afda9b1d53d106ca') in 0.004995 seconds
Number of updated asset objects reloaded before import = 0
Number of asset objects unloaded after import = 2
========================================================================
Received Import Request.
  Time since last request: 0.562829 seconds.
  path: Assets/Tom's Terrain Tools/Example Data/Standard Assets/Environment/SpeedTree/Broadleaf/BroadleafBark_Normal.tga
  artifactKey: Guid(34f07406286974e4ca236867d8d58b51) Importer(815301076,1909f56bfc062723c751e8b465ee728b)
Start importing Assets/Tom's Terrain Tools/Example Data/Standard Assets/Environment/SpeedTree/Broadleaf/BroadleafBark_Normal.tga using Guid(34f07406286974e4ca236867d8d58b51) Importer(815301076,1909f56bfc062723c751e8b465ee728b) [PhysX] Initialized MultithreadedTaskDispatcher with 16 workers.
[PhysX] Initialized MultithreadedTaskDispatcher with 16 workers.
 -> (artifact id: 'b16eca34dfc9c52ce2781fb572445865') in 0.005662 seconds
Number of updated asset objects reloaded before import = 0
Number of asset objects unloaded after import = 2
========================================================================
Received Import Request.
  Time since last request: 0.334877 seconds.
  path: Assets/Tom's Terrain Tools/Example Data/Standard Assets/Environment/SpeedTree/Broadleaf/Broadleaves_Card_Desktop_Normal.tga
  artifactKey: Guid(f0d8945c7972e4747aa776e16494fa37) Importer(815301076,1909f56bfc062723c751e8b465ee728b)
Start importing Assets/Tom's Terrain Tools/Example Data/Standard Assets/Environment/SpeedTree/Broadleaf/Broadleaves_Card_Desktop_Normal.tga using Guid(f0d8945c7972e4747aa776e16494fa37) Importer(815301076,1909f56bfc062723c751e8b465ee728b) [PhysX] Initialized MultithreadedTaskDispatcher with 16 workers.
[PhysX] Initialized MultithreadedTaskDispatcher with 16 workers.
 -> (artifact id: '9fe1dd64743e2026fab5b674099a5afc') in 0.005387 seconds
Number of updated asset objects reloaded before import = 0
Number of asset objects unloaded after import = 2
========================================================================
Received Import Request.
  Time since last request: 0.060175 seconds.
  path: Assets/Tom's Terrain Tools/Example Data/Standard Assets/Environment/SpeedTree/Broadleaf/Broadleaves_Desktop.tga
  artifactKey: Guid(306f8f570579fb3448d141a63029ef94) Importer(815301076,1909f56bfc062723c751e8b465ee728b)
Start importing Assets/Tom's Terrain Tools/Example Data/Standard Assets/Environment/SpeedTree/Broadleaf/Broadleaves_Desktop.tga using Guid(306f8f570579fb3448d141a63029ef94) Importer(815301076,1909f56bfc062723c751e8b465ee728b) [PhysX] Initialized MultithreadedTaskDispatcher with 16 workers.
[PhysX] Initialized MultithreadedTaskDispatcher with 16 workers.
 -> (artifact id: '9702aa5e696f029cea50fbc0c2cffbad') in 0.007455 seconds
Number of updated asset objects reloaded before import = 0
Number of asset objects unloaded after import = 2
========================================================================
Received Import Request.
  Time since last request: 0.305988 seconds.
  path: Assets/Tom's Terrain Tools/Example Data/Standard Assets/Environment/SpeedTree/Broadleaf/Broadleaves_Desktop_Spec.tga
  artifactKey: Guid(30586af2d47849140b2d533bb6f75eaa) Importer(815301076,1909f56bfc062723c751e8b465ee728b)
Start importing Assets/Tom's Terrain Tools/Example Data/Standard Assets/Environment/SpeedTree/Broadleaf/Broadleaves_Desktop_Spec.tga using Guid(30586af2d47849140b2d533bb6f75eaa) Importer(815301076,1909f56bfc062723c751e8b465ee728b) [PhysX] Initialized MultithreadedTaskDispatcher with 16 workers.
[PhysX] Initialized MultithreadedTaskDispatcher with 16 workers.
 -> (artifact id: 'f6ff886dbb07d7fa6cb1d686c649372e') in 0.005529 seconds
Number of updated asset objects reloaded before import = 0
Number of asset objects unloaded after import = 2
========================================================================
Received Import Request.
  Time since last request: 0.054039 seconds.
  path: Assets/Tom's Terrain Tools/Example Data/Standard Assets/Environment/SpeedTree/Broadleaf/Broadleaves_Mobile_Normal.tga
  artifactKey: Guid(7bdd8cb386e0b554b84cb783663bb4fc) Importer(815301076,1909f56bfc062723c751e8b465ee728b)
Start importing Assets/Tom's Terrain Tools/Example Data/Standard Assets/Environment/SpeedTree/Broadleaf/Broadleaves_Mobile_Normal.tga using Guid(7bdd8cb386e0b554b84cb783663bb4fc) Importer(815301076,1909f56bfc062723c751e8b465ee728b) [PhysX] Initialized MultithreadedTaskDispatcher with 16 workers.
[PhysX] Initialized MultithreadedTaskDispatcher with 16 workers.
 -> (artifact id: '643983148ffd32c60681a180b44cdaed') in 0.004829 seconds
Number of updated asset objects reloaded before import = 0
Number of asset objects unloaded after import = 2
========================================================================
Received Import Request.
  Time since last request: 0.540588 seconds.
  path: Assets/Tom's Terrain Tools/Unity Terrain Assets/Textures/SingleColor/brown_color_tile-2.png
  artifactKey: Guid(1a3b3425554429741ac62eb5d7b91937) Importer(815301076,1909f56bfc062723c751e8b465ee728b)
Start importing Assets/Tom's Terrain Tools/Unity Terrain Assets/Textures/SingleColor/brown_color_tile-2.png using Guid(1a3b3425554429741ac62eb5d7b91937) Importer(815301076,1909f56bfc062723c751e8b465ee728b) [PhysX] Initialized MultithreadedTaskDispatcher with 16 workers.
[PhysX] Initialized MultithreadedTaskDispatcher with 16 workers.
 -> (artifact id: 'a224c189e873c9e9f35143c9e9596bfd') in 0.006835 seconds
Number of updated asset objects reloaded before import = 0
Number of asset objects unloaded after import = 2
========================================================================
Received Import Request.
  Time since last request: 0.312747 seconds.
  path: Assets/Tom's Terrain Tools/Unity Terrain Assets/Bushes/Textures/Bush5-tif.tif
  artifactKey: Guid(d1b22258a59b9a3488c77525c0366c24) Importer(815301076,1909f56bfc062723c751e8b465ee728b)
Start importing Assets/Tom's Terrain Tools/Unity Terrain Assets/Bushes/Textures/Bush5-tif.tif using Guid(d1b22258a59b9a3488c77525c0366c24) Importer(815301076,1909f56bfc062723c751e8b465ee728b) [PhysX] Initialized MultithreadedTaskDispatcher with 16 workers.
[PhysX] Initialized MultithreadedTaskDispatcher with 16 workers.
 -> (artifact id: 'c3e20a5604073fa1a6620e906252238e') in 0.005564 seconds
Number of updated asset objects reloaded before import = 0
Number of asset objects unloaded after import = 2
========================================================================
Received Import Request.
  Time since last request: 0.070639 seconds.
  path: Assets/Tom's Terrain Tools/Unity Terrain Assets/Bushes/Textures/Bush7-tif.tif
  artifactKey: Guid(d044fe4912c343049a5a491cf7ce571c) Importer(815301076,1909f56bfc062723c751e8b465ee728b)
Start importing Assets/Tom's Terrain Tools/Unity Terrain Assets/Bushes/Textures/Bush7-tif.tif using Guid(d044fe4912c343049a5a491cf7ce571c) Importer(815301076,1909f56bfc062723c751e8b465ee728b) [PhysX] Initialized MultithreadedTaskDispatcher with 16 workers.
[PhysX] Initialized MultithreadedTaskDispatcher with 16 workers.
 -> (artifact id: '019aa3ae447ee99ad200d1369777cdda') in 0.008059 seconds
Number of updated asset objects reloaded before import = 0
Number of asset objects unloaded after import = 2
========================================================================
Received Import Request.
  Time since last request: 0.570793 seconds.
  path: Assets/Tom's Terrain Tools/Example Data/Standard Assets/Environment/SpeedTree/Broadleaf/Cap_01_Normal.tga
  artifactKey: Guid(55e2334423fefa34fb4916f6780413d3) Importer(815301076,1909f56bfc062723c751e8b465ee728b)
Start importing Assets/Tom's Terrain Tools/Example Data/Standard Assets/Environment/SpeedTree/Broadleaf/Cap_01_Normal.tga using Guid(55e2334423fefa34fb4916f6780413d3) Importer(815301076,1909f56bfc062723c751e8b465ee728b) [PhysX] Initialized MultithreadedTaskDispatcher with 16 workers.
[PhysX] Initialized MultithreadedTaskDispatcher with 16 workers.
 -> (artifact id: '5ad188f7fb8890a6b5bc2cadc612343a') in 0.019674 seconds
Number of updated asset objects reloaded before import = 0
Number of asset objects unloaded after import = 2
========================================================================
Received Import Request.
  Time since last request: 0.020760 seconds.
  path: Assets/Tom's Terrain Tools/Example Data/Standard Assets/Environment/SpeedTree/Broadleaf/Cap_02_Normal.tga
  artifactKey: Guid(371fa5d370f67534696194100d17bfad) Importer(815301076,1909f56bfc062723c751e8b465ee728b)
Start importing Assets/Tom's Terrain Tools/Example Data/Standard Assets/Environment/SpeedTree/Broadleaf/Cap_02_Normal.tga using Guid(371fa5d370f67534696194100d17bfad) Importer(815301076,1909f56bfc062723c751e8b465ee728b) [PhysX] Initialized MultithreadedTaskDispatcher with 16 workers.
[PhysX] Initialized MultithreadedTaskDispatcher with 16 workers.
 -> (artifact id: 'd622b7175101402bde753b39d6dca3fa') in 0.005627 seconds
Number of updated asset objects reloaded before import = 0
Number of asset objects unloaded after import = 2
========================================================================
Received Import Request.
  Time since last request: 0.469781 seconds.
  path: Assets/Tom's Terrain Tools/Example Data/Standard Assets/Environment/TerrainAssets/SurfaceTextures/CliffAlbedoSpecular.psd
  artifactKey: Guid(18214e9d6af6248559d501391856f1c7) Importer(815301076,1909f56bfc062723c751e8b465ee728b)
Start importing Assets/Tom's Terrain Tools/Example Data/Standard Assets/Environment/TerrainAssets/SurfaceTextures/CliffAlbedoSpecular.psd using Guid(18214e9d6af6248559d501391856f1c7) Importer(815301076,1909f56bfc062723c751e8b465ee728b) [PhysX] Initialized MultithreadedTaskDispatcher with 16 workers.
[PhysX] Initialized MultithreadedTaskDispatcher with 16 workers.
 -> (artifact id: '879c4a0ea5c102abebc8f1fec9759cc0') in 0.006302 seconds
Number of updated asset objects reloaded before import = 0
Number of asset objects unloaded after import = 2
========================================================================
Received Import Request.
  Time since last request: 0.683358 seconds.
  path: Assets/Tom's Terrain Tools/Example Data/Standard Assets/Environment/SpeedTree/Broadleaf/ClippedFrond_Normal.tga
  artifactKey: Guid(98a0c4bded48f6e488eb93670599274e) Importer(815301076,1909f56bfc062723c751e8b465ee728b)
Start importing Assets/Tom's Terrain Tools/Example Data/Standard Assets/Environment/SpeedTree/Broadleaf/ClippedFrond_Normal.tga using Guid(98a0c4bded48f6e488eb93670599274e) Importer(815301076,1909f56bfc062723c751e8b465ee728b) [PhysX] Initialized MultithreadedTaskDispatcher with 16 workers.
[PhysX] Initialized MultithreadedTaskDispatcher with 16 workers.
 -> (artifact id: '282d35edd334e281f0ac9b915e9e9706') in 0.004630 seconds
Number of updated asset objects reloaded before import = 0
Number of asset objects unloaded after import = 2
========================================================================
Received Import Request.
  Time since last request: 1.290799 seconds.
  path: Assets/Tom's Terrain Tools/Example Data/Standard Assets/Environment/SpeedTree/Conifer/Conifer_Desktop_Atlas_Billboards.tga
  artifactKey: Guid(612b65e0cd1576e4bbba0516d756a99d) Importer(815301076,1909f56bfc062723c751e8b465ee728b)
Start importing Assets/Tom's Terrain Tools/Example Data/Standard Assets/Environment/SpeedTree/Conifer/Conifer_Desktop_Atlas_Billboards.tga using Guid(612b65e0cd1576e4bbba0516d756a99d) Importer(815301076,1909f56bfc062723c751e8b465ee728b) [PhysX] Initialized MultithreadedTaskDispatcher with 16 workers.
[PhysX] Initialized MultithreadedTaskDispatcher with 16 workers.
 -> (artifact id: '42e228968c2e130d91812af4c47439b2') in 0.005110 seconds
Number of updated asset objects reloaded before import = 0
Number of asset objects unloaded after import = 2
========================================================================
Received Import Request.
  Time since last request: 1.116318 seconds.
  path: Assets/Tom's Terrain Tools/Example Data/Standard Assets/Environment/SpeedTree/Conifer/Conifer_Desktop_Atlas_Normal.tga
  artifactKey: Guid(855926cb3532dc14c87b1e6d589334b2) Importer(815301076,1909f56bfc062723c751e8b465ee728b)
Start importing Assets/Tom's Terrain Tools/Example Data/Standard Assets/Environment/SpeedTree/Conifer/Conifer_Desktop_Atlas_Normal.tga using Guid(855926cb3532dc14c87b1e6d589334b2) Importer(815301076,1909f56bfc062723c751e8b465ee728b) [PhysX] Initialized MultithreadedTaskDispatcher with 16 workers.
[PhysX] Initialized MultithreadedTaskDispatcher with 16 workers.
 -> (artifact id: '43a26d27ced2dbaa6d6bd05e99a66085') in 0.005339 seconds
Number of updated asset objects reloaded before import = 0
Number of asset objects unloaded after import = 2
========================================================================
Received Import Request.
  Time since last request: 0.277066 seconds.
  path: Assets/Tom's Terrain Tools/Example Data/Standard Assets/Environment/SpeedTree/Conifer/Conifer_Needles_Dekstop_Spec.tga
  artifactKey: Guid(897461e3c2fa9d84d8bd48bf1b00a950) Importer(815301076,1909f56bfc062723c751e8b465ee728b)
Start importing Assets/Tom's Terrain Tools/Example Data/Standard Assets/Environment/SpeedTree/Conifer/Conifer_Needles_Dekstop_Spec.tga using Guid(897461e3c2fa9d84d8bd48bf1b00a950) Importer(815301076,1909f56bfc062723c751e8b465ee728b) [PhysX] Initialized MultithreadedTaskDispatcher with 16 workers.
[PhysX] Initialized MultithreadedTaskDispatcher with 16 workers.
 -> (artifact id: '343359353c479a9a877b6c0fdadf148f') in 0.005166 seconds
Number of updated asset objects reloaded before import = 0
Number of asset objects unloaded after import = 2
========================================================================
Received Import Request.
  Time since last request: 0.460550 seconds.
  path: Assets/Tom's Terrain Tools/Example Data/Standard Assets/Environment/SpeedTree/Conifer/Conifer_Needles_Desktop_Normal.tga
  artifactKey: Guid(ab89d7e9dbd9462458ecef029ee60f6e) Importer(815301076,1909f56bfc062723c751e8b465ee728b)
Start importing Assets/Tom's Terrain Tools/Example Data/Standard Assets/Environment/SpeedTree/Conifer/Conifer_Needles_Desktop_Normal.tga using Guid(ab89d7e9dbd9462458ecef029ee60f6e) Importer(815301076,1909f56bfc062723c751e8b465ee728b) [PhysX] Initialized MultithreadedTaskDispatcher with 16 workers.
[PhysX] Initialized MultithreadedTaskDispatcher with 16 workers.
 -> (artifact id: 'dfe5cfe70ae92b2b9777fe8b8d396803') in 0.004840 seconds
Number of updated asset objects reloaded before import = 0
Number of asset objects unloaded after import = 2
========================================================================
Received Import Request.
  Time since last request: 0.029448 seconds.
  path: Assets/Tom's Terrain Tools/Example Data/Standard Assets/Environment/SpeedTree/Conifer/ConiferBark_Normal.tga
  artifactKey: Guid(2b46b029d8dc37049aebb484e79998ff) Importer(815301076,1909f56bfc062723c751e8b465ee728b)
Start importing Assets/Tom's Terrain Tools/Example Data/Standard Assets/Environment/SpeedTree/Conifer/ConiferBark_Normal.tga using Guid(2b46b029d8dc37049aebb484e79998ff) Importer(815301076,1909f56bfc062723c751e8b465ee728b) [PhysX] Initialized MultithreadedTaskDispatcher with 16 workers.
[PhysX] Initialized MultithreadedTaskDispatcher with 16 workers.
 -> (artifact id: '6b63ac8cc1464a82c3d94dffdb9a1d9c') in 0.004498 seconds
Number of updated asset objects reloaded before import = 0
Number of asset objects unloaded after import = 2
========================================================================
Received Import Request.
  Time since last request: 0.387163 seconds.
  path: Assets/Tom's Terrain Tools/Unity Terrain Assets/Textures/Debug/debug_blue.png
  artifactKey: Guid(d8070f366daa815438bcab25db036957) Importer(815301076,1909f56bfc062723c751e8b465ee728b)
Start importing Assets/Tom's Terrain Tools/Unity Terrain Assets/Textures/Debug/debug_blue.png using Guid(d8070f366daa815438bcab25db036957) Importer(815301076,1909f56bfc062723c751e8b465ee728b) [PhysX] Initialized MultithreadedTaskDispatcher with 16 workers.
[PhysX] Initialized MultithreadedTaskDispatcher with 16 workers.
 -> (artifact id: '318dca5e09574fe7ce4a4ebca737742e') in 0.004596 seconds
Number of updated asset objects reloaded before import = 0
Number of asset objects unloaded after import = 2
========================================================================
Received Import Request.
  Time since last request: 0.049928 seconds.
  path: Assets/Tom's Terrain Tools/Unity Terrain Assets/Textures/Debug/debug_green.png
  artifactKey: Guid(21885ceb2492d504f9d621148be3eb58) Importer(815301076,1909f56bfc062723c751e8b465ee728b)
Start importing Assets/Tom's Terrain Tools/Unity Terrain Assets/Textures/Debug/debug_green.png using Guid(21885ceb2492d504f9d621148be3eb58) Importer(815301076,1909f56bfc062723c751e8b465ee728b) [PhysX] Initialized MultithreadedTaskDispatcher with 16 workers.
[PhysX] Initialized MultithreadedTaskDispatcher with 16 workers.
 -> (artifact id: '6453e11812dfdc23ebfdb49dc5b9c2b1') in 0.009848 seconds
Number of updated asset objects reloaded before import = 0
Number of asset objects unloaded after import = 2
========================================================================
Received Import Request.
  Time since last request: 0.708577 seconds.
  path: Assets/Tom's Terrain Tools/Unity Terrain Assets/Textures/Debug/debug_red.png
  artifactKey: Guid(4b95639272e9cae429d4b9bfae3e01b3) Importer(815301076,1909f56bfc062723c751e8b465ee728b)
Start importing Assets/Tom's Terrain Tools/Unity Terrain Assets/Textures/Debug/debug_red.png using Guid(4b95639272e9cae429d4b9bfae3e01b3) Importer(815301076,1909f56bfc062723c751e8b465ee728b) [PhysX] Initialized MultithreadedTaskDispatcher with 16 workers.
[PhysX] Initialized MultithreadedTaskDispatcher with 16 workers.
 -> (artifact id: '9335968e46acb45a4041830f7ae1d408') in 0.004169 seconds
Number of updated asset objects reloaded before import = 0
Number of asset objects unloaded after import = 2
========================================================================
Received Import Request.
  Time since last request: 0.066201 seconds.
  path: Assets/Tom's Terrain Tools/Unity Terrain Assets/Textures/Debug/debug_yellow.png
  artifactKey: Guid(1a2d129f9c4522d4fb1319d4cfcea203) Importer(815301076,1909f56bfc062723c751e8b465ee728b)
Start importing Assets/Tom's Terrain Tools/Unity Terrain Assets/Textures/Debug/debug_yellow.png using Guid(1a2d129f9c4522d4fb1319d4cfcea203) Importer(815301076,1909f56bfc062723c751e8b465ee728b) [PhysX] Initialized MultithreadedTaskDispatcher with 16 workers.
[PhysX] Initialized MultithreadedTaskDispatcher with 16 workers.
 -> (artifact id: '882618b2facf866cda321716e24793d3') in 0.005869 seconds
Number of updated asset objects reloaded before import = 0
Number of asset objects unloaded after import = 2
========================================================================
Received Import Request.
  Time since last request: 0.461563 seconds.
  path: Assets/Tom's Terrain Tools/Example Data/Trees/SampleTree2_Textures/diffuse.png
  artifactKey: Guid(fedda4cd82ed7194da7ab97a14628f6a) Importer(815301076,1909f56bfc062723c751e8b465ee728b)
Start importing Assets/Tom's Terrain Tools/Example Data/Trees/SampleTree2_Textures/diffuse.png using Guid(fedda4cd82ed7194da7ab97a14628f6a) Importer(815301076,1909f56bfc062723c751e8b465ee728b) [PhysX] Initialized MultithreadedTaskDispatcher with 16 workers.
[PhysX] Initialized MultithreadedTaskDispatcher with 16 workers.
 -> (artifact id: '02115f998a5b65a73313822ca8b83578') in 0.006952 seconds
Number of updated asset objects reloaded before import = 0
Number of asset objects unloaded after import = 2
========================================================================
Received Import Request.
  Time since last request: 0.049680 seconds.
  path: Assets/Tom's Terrain Tools/Example Data/Tree_Textures/diffuse.png
  artifactKey: Guid(b7b9d73918bb86c49a73edadf1e967b9) Importer(815301076,1909f56bfc062723c751e8b465ee728b)
Start importing Assets/Tom's Terrain Tools/Example Data/Tree_Textures/diffuse.png using Guid(b7b9d73918bb86c49a73edadf1e967b9) Importer(815301076,1909f56bfc062723c751e8b465ee728b) [PhysX] Initialized MultithreadedTaskDispatcher with 16 workers.
[PhysX] Initialized MultithreadedTaskDispatcher with 16 workers.
 -> (artifact id: 'b5e93fca6c2ef6c147f358bf1138addb') in 0.004788 seconds
Number of updated asset objects reloaded before import = 0
Number of asset objects unloaded after import = 2
========================================================================
Received Import Request.
  Time since last request: 0.253694 seconds.
  path: Assets/Tom's Terrain Tools/Unity Terrain Assets/Grass/Fern-tif.tif
  artifactKey: Guid(17bdf1927191aa146ab8057accdfc400) Importer(815301076,1909f56bfc062723c751e8b465ee728b)
Start importing Assets/Tom's Terrain Tools/Unity Terrain Assets/Grass/Fern-tif.tif using Guid(17bdf1927191aa146ab8057accdfc400) Importer(815301076,1909f56bfc062723c751e8b465ee728b) [PhysX] Initialized MultithreadedTaskDispatcher with 16 workers.
[PhysX] Initialized MultithreadedTaskDispatcher with 16 workers.
 -> (artifact id: 'deb301fd1383196359268b6ec100a5d9') in 0.006050 seconds
Number of updated asset objects reloaded before import = 0
Number of asset objects unloaded after import = 2
========================================================================
Received Import Request.
  Time since last request: 40.127514 seconds.
  path: Assets/Tom's Terrain Tools/Unity Terrain Assets/Grass/Grass-tif.tif
  artifactKey: Guid(c4af328509ad24a4bb4191e36a9a7f7e) Importer(815301076,1909f56bfc062723c751e8b465ee728b)
Start importing Assets/Tom's Terrain Tools/Unity Terrain Assets/Grass/Grass-tif.tif using Guid(c4af328509ad24a4bb4191e36a9a7f7e) Importer(815301076,1909f56bfc062723c751e8b465ee728b) [PhysX] Initialized MultithreadedTaskDispatcher with 16 workers.
[PhysX] Initialized MultithreadedTaskDispatcher with 16 workers.
 -> (artifact id: 'a1888dd5fc83f3d35debc16f1e2c788d') in 0.006970 seconds
Number of updated asset objects reloaded before import = 0
Number of asset objects unloaded after import = 2
========================================================================
Received Import Request.
  Time since last request: 0.188586 seconds.
  path: Assets/Tom's Terrain Tools/Example Data/Standard Assets/Environment/TerrainAssets/BillboardTextures/GrassFrond02AlbedoAlpha-tga.tga
  artifactKey: Guid(2828115f73e3e6145bae4294b0b8e5a6) Importer(815301076,1909f56bfc062723c751e8b465ee728b)
Start importing Assets/Tom's Terrain Tools/Example Data/Standard Assets/Environment/TerrainAssets/BillboardTextures/GrassFrond02AlbedoAlpha-tga.tga using Guid(2828115f73e3e6145bae4294b0b8e5a6) Importer(815301076,1909f56bfc062723c751e8b465ee728b) [PhysX] Initialized MultithreadedTaskDispatcher with 16 workers.
[PhysX] Initialized MultithreadedTaskDispatcher with 16 workers.
 -> (artifact id: '9087d985104c9927d1bd09270d894a3b') in 0.005239 seconds
Number of updated asset objects reloaded before import = 0
Number of asset objects unloaded after import = 2
========================================================================
Received Import Request.
  Time since last request: 0.030831 seconds.
  path: Assets/Tom's Terrain Tools/Example Data/Standard Assets/Environment/TerrainAssets/SurfaceTextures/GrassRockyAlbedo.psd
  artifactKey: Guid(440eb36db91ca410f800ff3cfe43572f) Importer(815301076,1909f56bfc062723c751e8b465ee728b)
Start importing Assets/Tom's Terrain Tools/Example Data/Standard Assets/Environment/TerrainAssets/SurfaceTextures/GrassRockyAlbedo.psd using Guid(440eb36db91ca410f800ff3cfe43572f) Importer(815301076,1909f56bfc062723c751e8b465ee728b) [PhysX] Initialized MultithreadedTaskDispatcher with 16 workers.
[PhysX] Initialized MultithreadedTaskDispatcher with 16 workers.
 -> (artifact id: '8c26f5d6d388b3b6fcb03def47b4f8d2') in 0.006802 seconds
Number of updated asset objects reloaded before import = 0
Number of asset objects unloaded after import = 2
========================================================================
Received Import Request.
  Time since last request: 0.000015 seconds.
  path: Assets/Tom's Terrain Tools/Unity Terrain Assets/Textures/SingleColor/lite_green2_color_tile-4.png
  artifactKey: Guid(27bde4545e86a7b4ba0e74c79dbc2b21) Importer(815301076,1909f56bfc062723c751e8b465ee728b)
Start importing Assets/Tom's Terrain Tools/Unity Terrain Assets/Textures/SingleColor/lite_green2_color_tile-4.png using Guid(27bde4545e86a7b4ba0e74c79dbc2b21) Importer(815301076,1909f56bfc062723c751e8b465ee728b) [PhysX] Initialized MultithreadedTaskDispatcher with 16 workers.
[PhysX] Initialized MultithreadedTaskDispatcher with 16 workers.
 -> (artifact id: '029486e358db4afc95fba7f776945387') in 0.013315 seconds
Number of updated asset objects reloaded before import = 0
Number of asset objects unloaded after import = 2
========================================================================
Received Import Request.
  Time since last request: 0.035885 seconds.
  path: Assets/Tom's Terrain Tools/Unity Terrain Assets/Trees Ambient-Occlusion/Textures/MimosaBark.PSD
  artifactKey: Guid(2ab51c8ecd118f12a000e6888f962b59) Importer(815301076,1909f56bfc062723c751e8b465ee728b)
Start importing Assets/Tom's Terrain Tools/Unity Terrain Assets/Trees Ambient-Occlusion/Textures/MimosaBark.PSD using Guid(2ab51c8ecd118f12a000e6888f962b59) Importer(815301076,1909f56bfc062723c751e8b465ee728b) [PhysX] Initialized MultithreadedTaskDispatcher with 16 workers.
[PhysX] Initialized MultithreadedTaskDispatcher with 16 workers.
 -> (artifact id: 'ccb90b654db9a2042dd1c88cbc7d0007') in 0.005261 seconds
Number of updated asset objects reloaded before import = 0
Number of asset objects unloaded after import = 2
========================================================================
Received Import Request.
  Time since last request: 0.000014 seconds.
  path: Assets/Tom's Terrain Tools/Example Data/Standard Assets/Environment/TerrainAssets/SurfaceTextures/MudRockyAlbedoSpecular.bmp
  artifactKey: Guid(ef5c51cfa2ce46043a41a376b560c525) Importer(815301076,1909f56bfc062723c751e8b465ee728b)
Start importing Assets/Tom's Terrain Tools/Example Data/Standard Assets/Environment/TerrainAssets/SurfaceTextures/MudRockyAlbedoSpecular.bmp using Guid(ef5c51cfa2ce46043a41a376b560c525) Importer(815301076,1909f56bfc062723c751e8b465ee728b) [PhysX] Initialized MultithreadedTaskDispatcher with 16 workers.
[PhysX] Initialized MultithreadedTaskDispatcher with 16 workers.
 -> (artifact id: 'a34d0b1abf060cc0b4bb622502bb6566') in 0.008463 seconds
Number of updated asset objects reloaded before import = 0
Number of asset objects unloaded after import = 2
========================================================================
Received Import Request.
  Time since last request: 0.157904 seconds.
  path: Assets/Tom's Terrain Tools/Example Data/Trees/SampleTree1_Textures/normal_specular.png
  artifactKey: Guid(1c8d9a95b7ca5694fa56e82160cda301) Importer(815301076,1909f56bfc062723c751e8b465ee728b)
Start importing Assets/Tom's Terrain Tools/Example Data/Trees/SampleTree1_Textures/normal_specular.png using Guid(1c8d9a95b7ca5694fa56e82160cda301) Importer(815301076,1909f56bfc062723c751e8b465ee728b) [PhysX] Initialized MultithreadedTaskDispatcher with 16 workers.
[PhysX] Initialized MultithreadedTaskDispatcher with 16 workers.
 -> (artifact id: 'ce436fde2d95d665d188d0aff5df14a2') in 0.005224 seconds
Number of updated asset objects reloaded before import = 0
Number of asset objects unloaded after import = 2
========================================================================
Received Import Request.
  Time since last request: 0.017551 seconds.
  path: Assets/Tom's Terrain Tools/Example Data/Trees/SampleTree3_Textures/normal_specular.png
  artifactKey: Guid(e2b0877bab165c04ab8819724bef8d3c) Importer(815301076,1909f56bfc062723c751e8b465ee728b)
Start importing Assets/Tom's Terrain Tools/Example Data/Trees/SampleTree3_Textures/normal_specular.png using Guid(e2b0877bab165c04ab8819724bef8d3c) Importer(815301076,1909f56bfc062723c751e8b465ee728b) [PhysX] Initialized MultithreadedTaskDispatcher with 16 workers.
[PhysX] Initialized MultithreadedTaskDispatcher with 16 workers.
 -> (artifact id: '0019e95db89a37b8af272d13ce6be9d4') in 0.005053 seconds
Number of updated asset objects reloaded before import = 0
Number of asset objects unloaded after import = 2
========================================================================
Received Import Request.
  Time since last request: 0.013146 seconds.
  path: Assets/Tom's Terrain Tools/Example Data/Standard Assets/Environment/SpeedTree/Palm/Palm_Desktop_Atlas.tga
  artifactKey: Guid(03a71764f1184704c9a74acb7490450e) Importer(815301076,1909f56bfc062723c751e8b465ee728b)
Start importing Assets/Tom's Terrain Tools/Example Data/Standard Assets/Environment/SpeedTree/Palm/Palm_Desktop_Atlas.tga using Guid(03a71764f1184704c9a74acb7490450e) Importer(815301076,1909f56bfc062723c751e8b465ee728b) [PhysX] Initialized MultithreadedTaskDispatcher with 16 workers.
[PhysX] Initialized MultithreadedTaskDispatcher with 16 workers.
 -> (artifact id: '6110c6085fbebcc60609c0454fd7ca47') in 0.005835 seconds
Number of updated asset objects reloaded before import = 0
Number of asset objects unloaded after import = 2
========================================================================
Received Import Request.
  Time since last request: 0.000223 seconds.
  path: Assets/Tom's Terrain Tools/Example Data/Standard Assets/Environment/SpeedTree/Palm/Palm_Desktop_Atlas_Billboards_Normal.tga
  artifactKey: Guid(bf8162ab40cfad34cac743bdc2939f99) Importer(815301076,1909f56bfc062723c751e8b465ee728b)
Start importing Assets/Tom's Terrain Tools/Example Data/Standard Assets/Environment/SpeedTree/Palm/Palm_Desktop_Atlas_Billboards_Normal.tga using Guid(bf8162ab40cfad34cac743bdc2939f99) Importer(815301076,1909f56bfc062723c751e8b465ee728b) [PhysX] Initialized MultithreadedTaskDispatcher with 16 workers.
[PhysX] Initialized MultithreadedTaskDispatcher with 16 workers.
 -> (artifact id: 'c65b61909a7b77083400564e108f22f5') in 0.006246 seconds
Number of updated asset objects reloaded before import = 0
Number of asset objects unloaded after import = 2
========================================================================
Received Import Request.
  Time since last request: 0.028698 seconds.
  path: Assets/Tom's Terrain Tools/Example Data/Standard Assets/Environment/SpeedTree/Palm/Palm_Desktop_Atlas_Specular.tga
  artifactKey: Guid(6af82a665aaf44c41874a383a4225c48) Importer(815301076,1909f56bfc062723c751e8b465ee728b)
Start importing Assets/Tom's Terrain Tools/Example Data/Standard Assets/Environment/SpeedTree/Palm/Palm_Desktop_Atlas_Specular.tga using Guid(6af82a665aaf44c41874a383a4225c48) Importer(815301076,1909f56bfc062723c751e8b465ee728b) [PhysX] Initialized MultithreadedTaskDispatcher with 16 workers.
[PhysX] Initialized MultithreadedTaskDispatcher with 16 workers.
 -> (artifact id: '0909a57cf6ba2c19d5b3c948af02b635') in 0.005252 seconds
Number of updated asset objects reloaded before import = 0
Number of asset objects unloaded after import = 2
========================================================================
Received Import Request.
  Time since last request: 1.089039 seconds.
  path: Assets/Tom's Terrain Tools/Example Data/Standard Assets/Environment/SpeedTree/Palm/PalmBark_Detail.tga
  artifactKey: Guid(4d6c994b9ad45b847bc67ec5f857fc78) Importer(815301076,1909f56bfc062723c751e8b465ee728b)
Start importing Assets/Tom's Terrain Tools/Example Data/Standard Assets/Environment/SpeedTree/Palm/PalmBark_Detail.tga using Guid(4d6c994b9ad45b847bc67ec5f857fc78) Importer(815301076,1909f56bfc062723c751e8b465ee728b) [PhysX] Initialized MultithreadedTaskDispatcher with 16 workers.
[PhysX] Initialized MultithreadedTaskDispatcher with 16 workers.
 -> (artifact id: '46c6d82f16b608490d7022b5e0ec3f31') in 0.005310 seconds
Number of updated asset objects reloaded before import = 0
Number of asset objects unloaded after import = 2
========================================================================
Received Import Request.
  Time since last request: 0.021217 seconds.
  path: Assets/Tom's Terrain Tools/Example Data/Standard Assets/Environment/SpeedTree/Palm/PalmBark_Normal.tga
  artifactKey: Guid(f15241bc5a839ea46bf857431081d715) Importer(815301076,1909f56bfc062723c751e8b465ee728b)
Start importing Assets/Tom's Terrain Tools/Example Data/Standard Assets/Environment/SpeedTree/Palm/PalmBark_Normal.tga using Guid(f15241bc5a839ea46bf857431081d715) Importer(815301076,1909f56bfc062723c751e8b465ee728b) [PhysX] Initialized MultithreadedTaskDispatcher with 16 workers.
[PhysX] Initialized MultithreadedTaskDispatcher with 16 workers.
 -> (artifact id: 'c5af22c56b258d7644d1684e38902677') in 0.007859 seconds
Number of updated asset objects reloaded before import = 0
Number of asset objects unloaded after import = 2
========================================================================
Received Import Request.
  Time since last request: 0.000014 seconds.
  path: Assets/Tom's Terrain Tools/Example Data/Standard Assets/Environment/SpeedTree/Palm/PalmFrond_Spec.tga
  artifactKey: Guid(3e27d9cfd3a59af4ebdf7444f6f57620) Importer(815301076,1909f56bfc062723c751e8b465ee728b)
Start importing Assets/Tom's Terrain Tools/Example Data/Standard Assets/Environment/SpeedTree/Palm/PalmFrond_Spec.tga using Guid(3e27d9cfd3a59af4ebdf7444f6f57620) Importer(815301076,1909f56bfc062723c751e8b465ee728b) [PhysX] Initialized MultithreadedTaskDispatcher with 16 workers.
[PhysX] Initialized MultithreadedTaskDispatcher with 16 workers.
 -> (artifact id: 'd42e04f213af92456c76dda9187ff1d4') in 0.005407 seconds
Number of updated asset objects reloaded before import = 0
Number of asset objects unloaded after import = 2
========================================================================
Received Import Request.
  Time since last request: 0.213168 seconds.
  path: Assets/Tom's Terrain Tools/Example Data/Standard Assets/Environment/TerrainAssets/SurfaceTextures/SandAlbedo.psd
  artifactKey: Guid(bfd675cc0db1d4656b75dc6d6ba91142) Importer(815301076,1909f56bfc062723c751e8b465ee728b)
Start importing Assets/Tom's Terrain Tools/Example Data/Standard Assets/Environment/TerrainAssets/SurfaceTextures/SandAlbedo.psd using Guid(bfd675cc0db1d4656b75dc6d6ba91142) Importer(815301076,1909f56bfc062723c751e8b465ee728b) [PhysX] Initialized MultithreadedTaskDispatcher with 16 workers.
[PhysX] Initialized MultithreadedTaskDispatcher with 16 workers.
 -> (artifact id: 'a5decf3b6c5721c140c783529f141562') in 0.004958 seconds
Number of updated asset objects reloaded before import = 0
Number of asset objects unloaded after import = 2
========================================================================
Received Import Request.
  Time since last request: 0.022011 seconds.
  path: Assets/Tom's Terrain Tools/Unity Terrain Assets/Trees Ambient-Occlusion/Textures/ScotsPineTrunk.psd
  artifactKey: Guid(c9f636a2b314ed36c25fd64b70184ce4) Importer(815301076,1909f56bfc062723c751e8b465ee728b)
Start importing Assets/Tom's Terrain Tools/Unity Terrain Assets/Trees Ambient-Occlusion/Textures/ScotsPineTrunk.psd using Guid(c9f636a2b314ed36c25fd64b70184ce4) Importer(815301076,1909f56bfc062723c751e8b465ee728b) [PhysX] Initialized MultithreadedTaskDispatcher with 16 workers.
[PhysX] Initialized MultithreadedTaskDispatcher with 16 workers.
 -> (artifact id: 'b237e65ec12bfe0b73f826edff85aa38') in 0.005071 seconds
Number of updated asset objects reloaded before import = 0
Number of asset objects unloaded after import = 2
========================================================================
Received Import Request.
  Time since last request: 0.012419 seconds.
  path: Assets/Tom's Terrain Tools/Example Data/Trees/SampleTree2_Textures/shadow.png
  artifactKey: Guid(b05cd9e504fe01540a2e5c1a49f24427) Importer(815301076,1909f56bfc062723c751e8b465ee728b)
Start importing Assets/Tom's Terrain Tools/Example Data/Trees/SampleTree2_Textures/shadow.png using Guid(b05cd9e504fe01540a2e5c1a49f24427) Importer(815301076,1909f56bfc062723c751e8b465ee728b) [PhysX] Initialized MultithreadedTaskDispatcher with 16 workers.
[PhysX] Initialized MultithreadedTaskDispatcher with 16 workers.
 -> (artifact id: '5ad71d1c06ba91d070888d5f1d978932') in 0.004393 seconds
Number of updated asset objects reloaded before import = 0
Number of asset objects unloaded after import = 2
========================================================================
Received Import Request.
  Time since last request: 0.011485 seconds.
  path: Assets/Tom's Terrain Tools/Example Data/Tree_Textures/shadow.png
  artifactKey: Guid(31686dbf49ce3d04e9d1d80dd4473b8d) Importer(815301076,1909f56bfc062723c751e8b465ee728b)
Start importing Assets/Tom's Terrain Tools/Example Data/Tree_Textures/shadow.png using Guid(31686dbf49ce3d04e9d1d80dd4473b8d) Importer(815301076,1909f56bfc062723c751e8b465ee728b) [PhysX] Initialized MultithreadedTaskDispatcher with 16 workers.
[PhysX] Initialized MultithreadedTaskDispatcher with 16 workers.
 -> (artifact id: '443a0a4393241b0c384460fdcce47a7b') in 0.003980 seconds
Number of updated asset objects reloaded before import = 0
Number of asset objects unloaded after import = 2
========================================================================
Received Import Request.
  Time since last request: 0.181531 seconds.
  path: Assets/Tom's Terrain Tools/Example Data/3Terrain.asset
  artifactKey: Guid(2a8dad2d87b8f3c49bb11170440e168f) Importer(815301076,1909f56bfc062723c751e8b465ee728b)
Start importing Assets/Tom's Terrain Tools/Example Data/3Terrain.asset using Guid(2a8dad2d87b8f3c49bb11170440e168f) Importer(815301076,1909f56bfc062723c751e8b465ee728b) [PhysX] Initialized MultithreadedTaskDispatcher with 16 workers.
[PhysX] Initialized MultithreadedTaskDispatcher with 16 workers.
 -> (artifact id: 'dddb60e1343764dfcac3a7587edbc3b6') in 0.078399 seconds
Number of updated asset objects reloaded before import = 0
Number of asset objects unloaded after import = 61
========================================================================
Received Import Request.
  Time since last request: 0.000021 seconds.
  path: Assets/Tom's Terrain Tools/Example Data/TerrainExample3.asset
  artifactKey: Guid(deef0f88182e9e849ac67bef434c5277) Importer(815301076,1909f56bfc062723c751e8b465ee728b)
Start importing Assets/Tom's Terrain Tools/Example Data/TerrainExample3.asset using Guid(deef0f88182e9e849ac67bef434c5277) Importer(815301076,1909f56bfc062723c751e8b465ee728b) [PhysX] Initialized MultithreadedTaskDispatcher with 16 workers.
The tree Alder must use the Nature/Soft Occlusion shader. Otherwise billboarding/lighting will not work correctly.
[PhysX] Initialized MultithreadedTaskDispatcher with 16 workers.
[PhysX] Initialized MultithreadedTaskDispatcher with 16 workers.
[PhysX] Initialized MultithreadedTaskDispatcher with 16 workers.
 -> (artifact id: '92073ee426cc45a9c7541dbf4bb2e502') in 0.092467 seconds
Number of updated asset objects reloaded before import = 0
Number of asset objects unloaded after import = 58
========================================================================
Received Import Request.
  Time since last request: 1.484978 seconds.
  path: Assets/Tom's Terrain Tools/Unity Terrain Assets/Trees Ambient-Occlusion/Textures/SycamoreLeaves5.psd
  artifactKey: Guid(a1e8a7b3bd1123061100b7a844295342) Importer(815301076,1909f56bfc062723c751e8b465ee728b)
Start importing Assets/Tom's Terrain Tools/Unity Terrain Assets/Trees Ambient-Occlusion/Textures/SycamoreLeaves5.psd using Guid(a1e8a7b3bd1123061100b7a844295342) Importer(815301076,1909f56bfc062723c751e8b465ee728b) [PhysX] Initialized MultithreadedTaskDispatcher with 16 workers.
[PhysX] Initialized MultithreadedTaskDispatcher with 16 workers.
 -> (artifact id: 'fc1ae306c9448272a6aeec40390bbc07') in 0.005278 seconds
Number of updated asset objects reloaded before import = 0
Number of asset objects unloaded after import = 2
========================================================================
Received Import Request.
  Time since last request: 0.018502 seconds.
  path: Assets/Tom's Terrain Tools/Example AutoMagic/Terrain-297665599-splatmap.tiff
  artifactKey: Guid(df2b902d44262495fa6d4b7b4a22ca0a) Importer(815301076,1909f56bfc062723c751e8b465ee728b)
Start importing Assets/Tom's Terrain Tools/Example AutoMagic/Terrain-297665599-splatmap.tiff using Guid(df2b902d44262495fa6d4b7b4a22ca0a) Importer(815301076,1909f56bfc062723c751e8b465ee728b) [PhysX] Initialized MultithreadedTaskDispatcher with 16 workers.
[PhysX] Initialized MultithreadedTaskDispatcher with 16 workers.
 -> (artifact id: '565754d1fe7c55558801ea57ca2e3068') in 0.024665 seconds
Number of updated asset objects reloaded before import = 0
Number of asset objects unloaded after import = 2
========================================================================
Received Import Request.
  Time since last request: 0.000016 seconds.
  path: Assets/Tom's Terrain Tools/Example AutoMagic/Terrain-1549969568-splatmap.tiff
  artifactKey: Guid(ee0f6f8ce63c8429c8d09f3be1edf06b) Importer(815301076,1909f56bfc062723c751e8b465ee728b)
Start importing Assets/Tom's Terrain Tools/Example AutoMagic/Terrain-1549969568-splatmap.tiff using Guid(ee0f6f8ce63c8429c8d09f3be1edf06b) Importer(815301076,1909f56bfc062723c751e8b465ee728b) [PhysX] Initialized MultithreadedTaskDispatcher with 16 workers.
[PhysX] Initialized MultithreadedTaskDispatcher with 16 workers.
 -> (artifact id: 'f4cd7d471d80807560653ada116d0b0b') in 0.005089 seconds
Number of updated asset objects reloaded before import = 0
Number of asset objects unloaded after import = 2
========================================================================
Received Import Request.
  Time since last request: 0.016647 seconds.
  path: Assets/Tom's Terrain Tools/Example AutoMagic/Terrain-1549969568-treemap.tiff
  artifactKey: Guid(cf312f42b19454b93aac64e0745c353e) Importer(815301076,1909f56bfc062723c751e8b465ee728b)
Start importing Assets/Tom's Terrain Tools/Example AutoMagic/Terrain-1549969568-treemap.tiff using Guid(cf312f42b19454b93aac64e0745c353e) Importer(815301076,1909f56bfc062723c751e8b465ee728b) [PhysX] Initialized MultithreadedTaskDispatcher with 16 workers.
[PhysX] Initialized MultithreadedTaskDispatcher with 16 workers.
 -> (artifact id: '0ffd5b5cf4f9e763e8598842c2966185') in 0.005155 seconds
Number of updated asset objects reloaded before import = 0
Number of asset objects unloaded after import = 2
========================================================================
Received Import Request.
  Time since last request: 0.021142 seconds.
  path: Assets/Tom's Terrain Tools/Example AutoMagic/Terrain-1880092298-splatmap.tiff
  artifactKey: Guid(d6066559163894c788e27e7303fc0ce6) Importer(815301076,1909f56bfc062723c751e8b465ee728b)
Start importing Assets/Tom's Terrain Tools/Example AutoMagic/Terrain-1880092298-splatmap.tiff using Guid(d6066559163894c788e27e7303fc0ce6) Importer(815301076,1909f56bfc062723c751e8b465ee728b) [PhysX] Initialized MultithreadedTaskDispatcher with 16 workers.
[PhysX] Initialized MultithreadedTaskDispatcher with 16 workers.
 -> (artifact id: '801c0f7b7e714e41f3341628a246945f') in 0.007479 seconds
Number of updated asset objects reloaded before import = 0
Number of asset objects unloaded after import = 2
========================================================================
Received Import Request.
  Time since last request: 0.172378 seconds.
  path: Assets/Tom's Terrain Tools/Example AutoMagic/Terrain-2124401101-grassmap.tiff
  artifactKey: Guid(4f906a2c9981e4575a8185cc8bd20969) Importer(815301076,1909f56bfc062723c751e8b465ee728b)
Start importing Assets/Tom's Terrain Tools/Example AutoMagic/Terrain-2124401101-grassmap.tiff using Guid(4f906a2c9981e4575a8185cc8bd20969) Importer(815301076,1909f56bfc062723c751e8b465ee728b) [PhysX] Initialized MultithreadedTaskDispatcher with 16 workers.
[PhysX] Initialized MultithreadedTaskDispatcher with 16 workers.
 -> (artifact id: '07c45ea844239c1548462a3e64d70d21') in 0.007628 seconds
Number of updated asset objects reloaded before import = 0
Number of asset objects unloaded after import = 2
========================================================================
Received Import Request.
  Time since last request: 0.011350 seconds.
  path: Assets/Tom's Terrain Tools/Example AutoMagic/Terrain-2124401101-treemap.tiff
  artifactKey: Guid(90a4ce11bb9e349d4883b90a2869dae7) Importer(815301076,1909f56bfc062723c751e8b465ee728b)
Start importing Assets/Tom's Terrain Tools/Example AutoMagic/Terrain-2124401101-treemap.tiff using Guid(90a4ce11bb9e349d4883b90a2869dae7) Importer(815301076,1909f56bfc062723c751e8b465ee728b) [PhysX] Initialized MultithreadedTaskDispatcher with 16 workers.
[PhysX] Initialized MultithreadedTaskDispatcher with 16 workers.
 -> (artifact id: 'e19226309717ab7404638078371ba13a') in 0.004844 seconds
Number of updated asset objects reloaded before import = 0
Number of asset objects unloaded after import = 2
========================================================================
Received Import Request.
  Time since last request: 0.019249 seconds.
  path: Assets/Tom's Terrain Tools/Example AutoMagic/Terrain8km-2104080048-splatmap.tiff
  artifactKey: Guid(84e7a501312ae4edda5f91673a9677f5) Importer(815301076,1909f56bfc062723c751e8b465ee728b)
Start importing Assets/Tom's Terrain Tools/Example AutoMagic/Terrain8km-2104080048-splatmap.tiff using Guid(84e7a501312ae4edda5f91673a9677f5) Importer(815301076,1909f56bfc062723c751e8b465ee728b) [PhysX] Initialized MultithreadedTaskDispatcher with 16 workers.
[PhysX] Initialized MultithreadedTaskDispatcher with 16 workers.
 -> (artifact id: '68efa64c59a4535cd8ae168cb6bd7a89') in 0.005689 seconds
Number of updated asset objects reloaded before import = 0
Number of asset objects unloaded after import = 2
========================================================================
Received Import Request.
  Time since last request: 0.349713 seconds.
  path: Assets/Tom's Terrain Tools/Unity Terrain Assets/Trees Ambient-Occlusion/Textures/ThinTree.psd
  artifactKey: Guid(7b4387a8cd11b7a2a000251b8f962b59) Importer(815301076,1909f56bfc062723c751e8b465ee728b)
Start importing Assets/Tom's Terrain Tools/Unity Terrain Assets/Trees Ambient-Occlusion/Textures/ThinTree.psd using Guid(7b4387a8cd11b7a2a000251b8f962b59) Importer(815301076,1909f56bfc062723c751e8b465ee728b) [PhysX] Initialized MultithreadedTaskDispatcher with 16 workers.
[PhysX] Initialized MultithreadedTaskDispatcher with 16 workers.
 -> (artifact id: 'ac3e125267e50d638f6437930463585a') in 0.005410 seconds
Number of updated asset objects reloaded before import = 0
Number of asset objects unloaded after import = 2
========================================================================
Received Import Request.
  Time since last request: 0.022105 seconds.
  path: Assets/Tom's Terrain Tools/Example Data/Trees/SampleTree2_Textures/translucency_gloss.png
  artifactKey: Guid(228f6248c75dabf439566f8033982115) Importer(815301076,1909f56bfc062723c751e8b465ee728b)
Start importing Assets/Tom's Terrain Tools/Example Data/Trees/SampleTree2_Textures/translucency_gloss.png using Guid(228f6248c75dabf439566f8033982115) Importer(815301076,1909f56bfc062723c751e8b465ee728b) [PhysX] Initialized MultithreadedTaskDispatcher with 16 workers.
[PhysX] Initialized MultithreadedTaskDispatcher with 16 workers.
 -> (artifact id: 'd925fa87d7e508a57e3c05d2c3a4b9df') in 0.005969 seconds
Number of updated asset objects reloaded before import = 0
Number of asset objects unloaded after import = 2
========================================================================
Received Import Request.
  Time since last request: 0.031469 seconds.
  path: Assets/Tom's Terrain Tools/Example Data/Trees/SampleTree1_Textures/translucency_gloss.png
  artifactKey: Guid(15a127679aebb2e40abe9547c40e34f8) Importer(815301076,1909f56bfc062723c751e8b465ee728b)
Start importing Assets/Tom's Terrain Tools/Example Data/Trees/SampleTree1_Textures/translucency_gloss.png using Guid(15a127679aebb2e40abe9547c40e34f8) Importer(815301076,1909f56bfc062723c751e8b465ee728b) [PhysX] Initialized MultithreadedTaskDispatcher with 16 workers.
[PhysX] Initialized MultithreadedTaskDispatcher with 16 workers.
 -> (artifact id: '4404094db6ab78d168e911fec5106224') in 0.004807 seconds
Number of updated asset objects reloaded before import = 0
Number of asset objects unloaded after import = 2
Editor requested this worker to shutdown with reason: Scaling down because of idle timeout
TcpMessagingSession - receive error: operation aborted. errorcode: 995, details:  /   -       .
AssetImportWorker is now disconnected from the server
Process exiting
Exiting without the bug reporter. Application will terminate with return code 0