Using pre-set license
Built from '2022.3/staging' branch; Version is '2022.3.37f1 (340ba89e4c23) revision 3410856'; Using compiler version '192829333'; Build Type 'Release'
OS: 'Windows 10  (10.0.19045) 64bit Enterprise' Language: 'ru' Physical Memory: 32690 MB
BatchMode: 1, IsHumanControllingUs: 0, StartBugReporterOnCrash: 0, Is64bit: 1, IsPro: 1

COMMAND LINE ARGUMENTS:
R:\Unity Editor\2022.3.37f1\Editor\Unity.exe
-adb2
-batchMode
-noUpm
-name
AssetImportWorker2
-projectPath
D:/Unity Repo/Unity_homeworks/homework_1
-logFile
Logs/AssetImportWorker2.log
-srvPort
59147
Successfully changed project path to: D:/Unity Repo/Unity_homeworks/homework_1
D:/Unity Repo/Unity_homeworks/homework_1
[UnityMemory] Configuration Parameters - Can be set up in boot.config
    "memorysetup-bucket-allocator-granularity=16"
    "memorysetup-bucket-allocator-bucket-count=8"
    "memorysetup-bucket-allocator-block-size=33554432"
    "memorysetup-bucket-allocator-block-count=8"
    "memorysetup-main-allocator-block-size=16777216"
    "memorysetup-thread-allocator-block-size=16777216"
    "memorysetup-gfx-main-allocator-block-size=16777216"
    "memorysetup-gfx-thread-allocator-block-size=16777216"
    "memorysetup-cache-allocator-block-size=4194304"
    "memorysetup-typetree-allocator-block-size=2097152"
    "memorysetup-profiler-bucket-allocator-granularity=16"
    "memorysetup-profiler-bucket-allocator-bucket-count=8"
    "memorysetup-profiler-bucket-allocator-block-size=33554432"
    "memorysetup-profiler-bucket-allocator-block-count=8"
    "memorysetup-profiler-allocator-block-size=16777216"
    "memorysetup-profiler-editor-allocator-block-size=1048576"
    "memorysetup-temp-allocator-size-main=16777216"
    "memorysetup-job-temp-allocator-block-size=2097152"
    "memorysetup-job-temp-allocator-block-size-background=1048576"
    "memorysetup-job-temp-allocator-reduction-small-platforms=262144"
    "memorysetup-allocator-temp-initial-block-size-main=262144"
    "memorysetup-allocator-temp-initial-block-size-worker=262144"
    "memorysetup-temp-allocator-size-background-worker=32768"
    "memorysetup-temp-allocator-size-job-worker=262144"
    "memorysetup-temp-allocator-size-preload-manager=33554432"
    "memorysetup-temp-allocator-size-nav-mesh-worker=65536"
    "memorysetup-temp-allocator-size-audio-worker=65536"
    "memorysetup-temp-allocator-size-cloud-worker=32768"
    "memorysetup-temp-allocator-size-gi-baking-worker=262144"
    "memorysetup-temp-allocator-size-gfx=262144"
Player connection [3060] Host "[IP] 192.168.1.101 [Port] 0 [Flags] 2 [Guid] 369904432 [EditorId] 369904432 [Version] 1048832 [Id] WindowsEditor(7,DESKTOP-NMTGNKJ) [Debug] 1 [PackageName] WindowsEditor [ProjectName] Editor" joined multi-casting on [225.0.0.222:54997]...

Player connection [3060] Host "[IP] 192.168.1.101 [Port] 0 [Flags] 2 [Guid] 369904432 [EditorId] 369904432 [Version] 1048832 [Id] WindowsEditor(7,DESKTOP-NMTGNKJ) [Debug] 1 [PackageName] WindowsEditor [ProjectName] Editor" joined alternative multi-casting on [225.0.0.222:34997]...

[PhysX] Initialized MultithreadedTaskDispatcher with 16 workers.
Refreshing native plugins compatible for Editor in 6.21 ms, found 3 plugins.
Preloading 0 native plugins for Editor in 0.00 ms.
Initialize engine version: 2022.3.37f1 (340ba89e4c23)
[Subsystems] Discovering subsystems at path R:/Unity Editor/2022.3.37f1/Editor/Data/Resources/UnitySubsystems
[Subsystems] Discovering subsystems at path D:/Unity Repo/Unity_homeworks/homework_1/Assets
GfxDevice: creating device client; threaded=0; jobified=0
Direct3D:
    Version:  Direct3D 11.0 [level 11.1]
    Renderer: NVIDIA GeForce RTX 3060 Ti (ID=0x24c9)
    Vendor:   NVIDIA
    VRAM:     8024 MB
    Driver:   31.0.15.5186
Initialize mono
Mono path[0] = 'R:/Unity Editor/2022.3.37f1/Editor/Data/Managed'
Mono path[1] = 'R:/Unity Editor/2022.3.37f1/Editor/Data/MonoBleedingEdge/lib/mono/unityjit-win32'
Mono config path = 'R:/Unity Editor/2022.3.37f1/Editor/Data/MonoBleedingEdge/etc'
Using monoOptions --debugger-agent=transport=dt_socket,embedding=1,server=y,suspend=n,address=127.0.0.1:56552
Begin MonoManager ReloadAssembly
Registering precompiled unity dll's ...
Register platform support module: R:/Unity Editor/2022.3.37f1/Editor/Data/PlaybackEngines/WebGLSupport/UnityEditor.WebGL.Extensions.dll
Register platform support module: R:/Unity Editor/2022.3.37f1/Editor/Data/PlaybackEngines/AndroidPlayer/UnityEditor.Android.Extensions.dll
Register platform support module: R:/Unity Editor/2022.3.37f1/Editor/Data/PlaybackEngines/WindowsStandaloneSupport/UnityEditor.WindowsStandalone.Extensions.dll
Registered in 0.004952 seconds.
- Loaded All Assemblies, in  0.310 seconds
Native extension for WindowsStandalone target not found
Native extension for Android target not found
Android Extension - Scanning For ADB Devices 217 ms
Native extension for WebGL target not found
Mono: successfully reloaded assembly
- Finished resetting the current domain, in  0.495 seconds
Domain Reload Profiling: 804ms
	BeginReloadAssembly (95ms)
		ExecutionOrderSort (0ms)
		DisableScriptedObjects (0ms)
		BackupInstance (0ms)
		ReleaseScriptingObjects (0ms)
		CreateAndSetChildDomain (1ms)
	RebuildCommonClasses (34ms)
	RebuildNativeTypeToScriptingClass (11ms)
	initialDomainReloadingComplete (47ms)
	LoadAllAssembliesAndSetupDomain (122ms)
		LoadAssemblies (95ms)
		RebuildTransferFunctionScriptingTraits (0ms)
		AnalyzeDomain (120ms)
			TypeCache.Refresh (119ms)
				TypeCache.ScanAssembly (108ms)
			ScanForSourceGeneratedMonoScriptInfo (0ms)
			ResolveRequiredComponents (0ms)
	FinalizeReload (495ms)
		ReleaseScriptCaches (0ms)
		RebuildScriptCaches (0ms)
		SetupLoadedEditorAssemblies (446ms)
			LogAssemblyErrors (0ms)
			InitializePlatformSupportModulesInManaged (308ms)
			SetLoadedEditorAssemblies (3ms)
			RefreshPlugins (0ms)
			BeforeProcessingInitializeOnLoad (2ms)
			ProcessInitializeOnLoadAttributes (94ms)
			ProcessInitializeOnLoadMethodAttributes (39ms)
			AfterProcessingInitializeOnLoad (0ms)
			EditorAssembliesLoaded (0ms)
		ExecutionOrderSort2 (0ms)
		AwakeInstancesAfterBackupRestoration (0ms)
========================================================================
Worker process is ready to serve import requests
Begin MonoManager ReloadAssembly
- Loaded All Assemblies, in  0.478 seconds
Refreshing native plugins compatible for Editor in 1.98 ms, found 3 plugins.
Native extension for WindowsStandalone target not found
Native extension for Android target not found
Native extension for WebGL target not found
Package Manager log level set to [2]
[Package Manager] Server::EnsureServerProcessIsRunning -- launch failed, reason: Unity was launched with the -noUpm command-line argument
[Package Manager] UpmClient::Send -- Unable to send message (not connected to UPM process).
[Package Manager] Cannot connect to Unity Package Manager local server
Mono: successfully reloaded assembly
- Finished resetting the current domain, in  0.458 seconds
Domain Reload Profiling: 936ms
	BeginReloadAssembly (119ms)
		ExecutionOrderSort (0ms)
		DisableScriptedObjects (5ms)
		BackupInstance (0ms)
		ReleaseScriptingObjects (0ms)
		CreateAndSetChildDomain (19ms)
	RebuildCommonClasses (29ms)
	RebuildNativeTypeToScriptingClass (10ms)
	initialDomainReloadingComplete (31ms)
	LoadAllAssembliesAndSetupDomain (289ms)
		LoadAssemblies (210ms)
		RebuildTransferFunctionScriptingTraits (0ms)
		AnalyzeDomain (148ms)
			TypeCache.Refresh (131ms)
				TypeCache.ScanAssembly (119ms)
			ScanForSourceGeneratedMonoScriptInfo (12ms)
			ResolveRequiredComponents (4ms)
	FinalizeReload (459ms)
		ReleaseScriptCaches (0ms)
		RebuildScriptCaches (0ms)
		SetupLoadedEditorAssemblies (331ms)
			LogAssemblyErrors (0ms)
			InitializePlatformSupportModulesInManaged (18ms)
			SetLoadedEditorAssemblies (3ms)
			RefreshPlugins (0ms)
			BeforeProcessingInitializeOnLoad (42ms)
			ProcessInitializeOnLoadAttributes (249ms)
			ProcessInitializeOnLoadMethodAttributes (16ms)
			AfterProcessingInitializeOnLoad (2ms)
			EditorAssembliesLoaded (0ms)
		ExecutionOrderSort2 (0ms)
		AwakeInstancesAfterBackupRestoration (6ms)
Launched and connected shader compiler UnityShaderCompiler.exe after 0.03 seconds
Refreshing native plugins compatible for Editor in 1.88 ms, found 3 plugins.
Preloading 0 native plugins for Editor in 0.00 ms.
Unloading 3113 Unused Serialized files (Serialized files now loaded: 0)
Unloading 33 unused Assets / (57.9 KB). Loaded Objects now: 3598.
Memory consumption went from 135.2 MB to 135.1 MB.
Total: 2.829800 ms (FindLiveObjects: 0.245200 ms CreateObjectMapping: 0.087000 ms MarkObjects: 2.394400 ms  DeleteObjects: 0.102100 ms)

AssetImportParameters requested are different than current active one (requested -> active):
  custom:container-demuxer-ogg: 62fdf1f143b41e24485cea50d1cbac27 -> 
  custom:video-decoder-ogg-theora: a1e56fd34408186e4bbccfd4996cb3dc -> 
  custom:framework-win-MediaFoundation: 216162199b28c13a410421893ffa2e32 -> 
  custom:CustomObjectIndexerAttribute: 9a22284fe3817be447336de3de66b15e -> 
  custom:container-demuxer-webm: 4f35f7cbe854078d1ac9338744f61a02 -> 
  custom:container-muxer-webm: aa71ff27fc2769a1b78a27578f13a17b -> 
  custom:video-decoder-webm-vp8: 9c59270c3fd7afecdb556c50c9e8de78 -> 
  custom:SearchIndexIgnoredProperties: e643bd26f0fe6173181afceb89e7c659 -> 
  custom:AudioImporter_EditorPlatform: d09bf68614088b80899f8185d706f6e7 -> 
  custom:video-encoder-webm-vp8: eb34c28f22e8b96e1ab97ce403110664 -> 
  custom:audio-decoder-ogg-vorbis: bf7c407c2cedff20999df2af8eb42d56 -> 
  custom:audio-encoder-webm-vorbis: bf7c407c2cedff20999df2af8eb42d56 -> 
========================================================================
Received Import Request.
  Time since last request: 44552.242461 seconds.
  path: Assets/Tom's Terrain Tools/Example Data/3Terrain_layer0.asset
  artifactKey: Guid(050b4394694c4f84d969795925ee0e29) Importer(815301076,1909f56bfc062723c751e8b465ee728b)
Start importing Assets/Tom's Terrain Tools/Example Data/3Terrain_layer0.asset using Guid(050b4394694c4f84d969795925ee0e29) Importer(815301076,1909f56bfc062723c751e8b465ee728b) [PhysX] Initialized MultithreadedTaskDispatcher with 16 workers.
 -> (artifact id: 'cc9c4fb61285fd9eb63dc0316363d85d') in 0.037149 seconds
Number of updated asset objects reloaded before import = 0
Number of asset objects unloaded after import = 2
========================================================================
Received Import Request.
  Time since last request: 0.183463 seconds.
  path: Assets/Tom's Terrain Tools/Example Data/3Terrain_layer2.asset
  artifactKey: Guid(497fb36ffc340b048aad0c741866d84c) Importer(815301076,1909f56bfc062723c751e8b465ee728b)
Start importing Assets/Tom's Terrain Tools/Example Data/3Terrain_layer2.asset using Guid(497fb36ffc340b048aad0c741866d84c) Importer(815301076,1909f56bfc062723c751e8b465ee728b) [PhysX] Initialized MultithreadedTaskDispatcher with 16 workers.
 -> (artifact id: 'b28ccaa0e0e282768de6af2d210d0262') in 0.005506 seconds
Number of updated asset objects reloaded before import = 0
Number of asset objects unloaded after import = 2
========================================================================
Received Import Request.
  Time since last request: 4.911527 seconds.
  path: Assets/Tom's Terrain Tools/Unity Terrain Assets/Textures/Grass (Meadows)-png.png
  artifactKey: Guid(faea7ee13ad7a2540ae3acd4d1b64748) Importer(815301076,1909f56bfc062723c751e8b465ee728b)
Start importing Assets/Tom's Terrain Tools/Unity Terrain Assets/Textures/Grass (Meadows)-png.png using Guid(faea7ee13ad7a2540ae3acd4d1b64748) Importer(815301076,1909f56bfc062723c751e8b465ee728b) [PhysX] Initialized MultithreadedTaskDispatcher with 16 workers.
[PhysX] Initialized MultithreadedTaskDispatcher with 16 workers.
 -> (artifact id: 'd44538c5bcdc6eb1be79c6edd2237056') in 0.017350 seconds
Number of updated asset objects reloaded before import = 0
Number of asset objects unloaded after import = 2
========================================================================
Received Import Request.
  Time since last request: 16.302896 seconds.
  path: Assets/Tom's Terrain Tools/Unity Terrain Assets/Textures/Grass&Rock-png.png
  artifactKey: Guid(b2463794d1af4cf4483481497d28ea5f) Importer(815301076,1909f56bfc062723c751e8b465ee728b)
Start importing Assets/Tom's Terrain Tools/Unity Terrain Assets/Textures/Grass&Rock-png.png using Guid(b2463794d1af4cf4483481497d28ea5f) Importer(815301076,1909f56bfc062723c751e8b465ee728b) [PhysX] Initialized MultithreadedTaskDispatcher with 16 workers.
[PhysX] Initialized MultithreadedTaskDispatcher with 16 workers.
 -> (artifact id: '17b3816807b82ced99253d1221f5b1a5') in 0.017798 seconds
Number of updated asset objects reloaded before import = 0
Number of asset objects unloaded after import = 2
========================================================================
Received Import Request.
  Time since last request: 83.567557 seconds.
  path: Assets/Tom's Terrain Tools/Unity Terrain Assets/Textures/Cliff (Grassy)-png.png
  artifactKey: Guid(2820d6b2eadb4e44380a6c1ee32054ec) Importer(815301076,1909f56bfc062723c751e8b465ee728b)
Start importing Assets/Tom's Terrain Tools/Unity Terrain Assets/Textures/Cliff (Grassy)-png.png using Guid(2820d6b2eadb4e44380a6c1ee32054ec) Importer(815301076,1909f56bfc062723c751e8b465ee728b) [PhysX] Initialized MultithreadedTaskDispatcher with 16 workers.
[PhysX] Initialized MultithreadedTaskDispatcher with 16 workers.
 -> (artifact id: '59245764e6baa110913c4f347b4e37f8') in 0.008176 seconds
Number of updated asset objects reloaded before import = 0
Number of asset objects unloaded after import = 2
========================================================================
Received Import Request.
  Time since last request: 0.000836 seconds.
  path: Assets/Tom's Terrain Tools/Unity Terrain Assets/Textures/DirtGrass-png.png
  artifactKey: Guid(2745d153eef6b0a479c57f43cf3433d9) Importer(815301076,1909f56bfc062723c751e8b465ee728b)
Start importing Assets/Tom's Terrain Tools/Unity Terrain Assets/Textures/DirtGrass-png.png using Guid(2745d153eef6b0a479c57f43cf3433d9) Importer(815301076,1909f56bfc062723c751e8b465ee728b) [PhysX] Initialized MultithreadedTaskDispatcher with 16 workers.
[PhysX] Initialized MultithreadedTaskDispatcher with 16 workers.
 -> (artifact id: '719228cfea7e4cb637507e93a2bc0cd3') in 0.006382 seconds
Number of updated asset objects reloaded before import = 0
Number of asset objects unloaded after import = 2
========================================================================
Received Import Request.
  Time since last request: 0.000015 seconds.
  path: Assets/Tom's Terrain Tools/Unity Terrain Assets/Textures/Grass (Meadows)_normal-png.png
  artifactKey: Guid(cfbdf25e56cefd549af207a09ac1ed44) Importer(815301076,1909f56bfc062723c751e8b465ee728b)
Start importing Assets/Tom's Terrain Tools/Unity Terrain Assets/Textures/Grass (Meadows)_normal-png.png using Guid(cfbdf25e56cefd549af207a09ac1ed44) Importer(815301076,1909f56bfc062723c751e8b465ee728b) [PhysX] Initialized MultithreadedTaskDispatcher with 16 workers.
[PhysX] Initialized MultithreadedTaskDispatcher with 16 workers.
 -> (artifact id: '268e729ea2c17a8e7e439d6040126a21') in 0.007082 seconds
Number of updated asset objects reloaded before import = 0
Number of asset objects unloaded after import = 2
========================================================================
Received Import Request.
  Time since last request: 0.000016 seconds.
  path: Assets/Tom's Terrain Tools/Unity Terrain Assets/Textures/Cliff (Layered Rock)_normal-png.png
  artifactKey: Guid(c8dd3ecd2ab0b4d48a627d11fea945c0) Importer(815301076,1909f56bfc062723c751e8b465ee728b)
Start importing Assets/Tom's Terrain Tools/Unity Terrain Assets/Textures/Cliff (Layered Rock)_normal-png.png using Guid(c8dd3ecd2ab0b4d48a627d11fea945c0) Importer(815301076,1909f56bfc062723c751e8b465ee728b) [PhysX] Initialized MultithreadedTaskDispatcher with 16 workers.
[PhysX] Initialized MultithreadedTaskDispatcher with 16 workers.
 -> (artifact id: '54421f32d29cd53f3f563c065aaba227') in 0.007423 seconds
Number of updated asset objects reloaded before import = 0
Number of asset objects unloaded after import = 2
========================================================================
Received Import Request.
  Time since last request: 0.000014 seconds.
  path: Assets/Tom's Terrain Tools/Unity Terrain Assets/Textures/Grass (Meadows2)_normal-png.png
  artifactKey: Guid(e314dd249c46e60429df4d499dbfc73a) Importer(815301076,1909f56bfc062723c751e8b465ee728b)
Start importing Assets/Tom's Terrain Tools/Unity Terrain Assets/Textures/Grass (Meadows2)_normal-png.png using Guid(e314dd249c46e60429df4d499dbfc73a) Importer(815301076,1909f56bfc062723c751e8b465ee728b) [PhysX] Initialized MultithreadedTaskDispatcher with 16 workers.
[PhysX] Initialized MultithreadedTaskDispatcher with 16 workers.
 -> (artifact id: 'ace6df2d2d9e02db54860be4879803b4') in 0.009364 seconds
Number of updated asset objects reloaded before import = 0
Number of asset objects unloaded after import = 2
========================================================================
Received Import Request.
  Time since last request: 0.000017 seconds.
  path: Assets/Tom's Terrain Tools/Unity Terrain Assets/Textures/DirtGrass_normal-png.png
  artifactKey: Guid(72fd1ef7a88eda746b6a9cff48727aec) Importer(815301076,1909f56bfc062723c751e8b465ee728b)
Start importing Assets/Tom's Terrain Tools/Unity Terrain Assets/Textures/DirtGrass_normal-png.png using Guid(72fd1ef7a88eda746b6a9cff48727aec) Importer(815301076,1909f56bfc062723c751e8b465ee728b) [PhysX] Initialized MultithreadedTaskDispatcher with 16 workers.
[PhysX] Initialized MultithreadedTaskDispatcher with 16 workers.
 -> (artifact id: '9f74580c6d34ebb2e96213ba6d20e5d7') in 0.008190 seconds
Number of updated asset objects reloaded before import = 0
Number of asset objects unloaded after import = 2
========================================================================
Received Import Request.
  Time since last request: 0.000015 seconds.
  path: Assets/Tom's Terrain Tools/Unity Terrain Assets/Textures/Forest Floor-png.png
  artifactKey: Guid(e9bb9d772673c5c4aa4cced6b5d15918) Importer(815301076,1909f56bfc062723c751e8b465ee728b)
Start importing Assets/Tom's Terrain Tools/Unity Terrain Assets/Textures/Forest Floor-png.png using Guid(e9bb9d772673c5c4aa4cced6b5d15918) Importer(815301076,1909f56bfc062723c751e8b465ee728b) [PhysX] Initialized MultithreadedTaskDispatcher with 16 workers.
[PhysX] Initialized MultithreadedTaskDispatcher with 16 workers.
 -> (artifact id: 'd7250aefb48904fad14dd93bc097decd') in 0.013018 seconds
Number of updated asset objects reloaded before import = 0
Number of asset objects unloaded after import = 2
========================================================================
Received Import Request.
  Time since last request: 0.000019 seconds.
  path: Assets/Tom's Terrain Tools/Unity Terrain Assets/Textures/Grass (Muddy)-png.png
  artifactKey: Guid(5ea1d2b03e630ce4d87dd0c21150afc0) Importer(815301076,1909f56bfc062723c751e8b465ee728b)
Start importing Assets/Tom's Terrain Tools/Unity Terrain Assets/Textures/Grass (Muddy)-png.png using Guid(5ea1d2b03e630ce4d87dd0c21150afc0) Importer(815301076,1909f56bfc062723c751e8b465ee728b) [PhysX] Initialized MultithreadedTaskDispatcher with 16 workers.
[PhysX] Initialized MultithreadedTaskDispatcher with 16 workers.
 -> (artifact id: '6cfb4fb60a17b14650098c0325089b59') in 0.012557 seconds
Number of updated asset objects reloaded before import = 0
Number of asset objects unloaded after import = 2
========================================================================
Received Import Request.
  Time since last request: 0.000015 seconds.
  path: Assets/Tom's Terrain Tools/Unity Terrain Assets/Textures/Sand (Beach)-png.png
  artifactKey: Guid(a183da1315ab562478f4a5b925b19fb4) Importer(815301076,1909f56bfc062723c751e8b465ee728b)
Start importing Assets/Tom's Terrain Tools/Unity Terrain Assets/Textures/Sand (Beach)-png.png using Guid(a183da1315ab562478f4a5b925b19fb4) Importer(815301076,1909f56bfc062723c751e8b465ee728b) [PhysX] Initialized MultithreadedTaskDispatcher with 16 workers.
[PhysX] Initialized MultithreadedTaskDispatcher with 16 workers.
 -> (artifact id: '149aabb82702bc58739e1c40d1908a61') in 0.013682 seconds
Number of updated asset objects reloaded before import = 0
Number of asset objects unloaded after import = 2
========================================================================
Received Import Request.
  Time since last request: 0.000015 seconds.
  path: Assets/Tom's Terrain Tools/Unity Terrain Assets/Textures/Grass&Rock_normal-png.png
  artifactKey: Guid(e3a2fdd133a0fb540bac2c70761f77e6) Importer(815301076,1909f56bfc062723c751e8b465ee728b)
Start importing Assets/Tom's Terrain Tools/Unity Terrain Assets/Textures/Grass&Rock_normal-png.png using Guid(e3a2fdd133a0fb540bac2c70761f77e6) Importer(815301076,1909f56bfc062723c751e8b465ee728b) [PhysX] Initialized MultithreadedTaskDispatcher with 16 workers.
[PhysX] Initialized MultithreadedTaskDispatcher with 16 workers.
 -> (artifact id: '0627c04f39aa4c0a51812786012337c1') in 0.006529 seconds
Number of updated asset objects reloaded before import = 0
Number of asset objects unloaded after import = 2
Editor requested this worker to shutdown with reason: Scaling down because of idle timeout
TcpMessagingSession - receive error: operation aborted. errorcode: 995, details: ќпераци€ ввода/вывода была прервана из-за завершени€ потока команд или по запросу приложени€.
AssetImportWorker is now disconnected from the server
Process exiting
Exiting without the bug reporter. Application will terminate with return code 0